{"/home/palina/otus/otus-js-hw4/hw4/script.js": {"path":"/home/palina/otus/otus-js-hw4/hw4/script.js","statementMap":{"0":{"start":{"line":3,"column":0},"end":{"line":6,"column":1}},"1":{"start":{"line":4,"column":2},"end":{"line":4,"column":22}},"2":{"start":{"line":5,"column":2},"end":{"line":5,"column":37}},"3":{"start":{"line":8,"column":0},"end":{"line":10,"column":1}},"4":{"start":{"line":9,"column":2},"end":{"line":9,"column":55}},"5":{"start":{"line":12,"column":0},"end":{"line":15,"column":1}},"6":{"start":{"line":13,"column":10},"end":{"line":13,"column":31}},"7":{"start":{"line":14,"column":2},"end":{"line":14,"column":45}},"8":{"start":{"line":17,"column":0},"end":{"line":19,"column":1}},"9":{"start":{"line":18,"column":2},"end":{"line":18,"column":77}},"10":{"start":{"line":22,"column":13},"end":{"line":22,"column":63}},"11":{"start":{"line":23,"column":2},"end":{"line":23,"column":14}},"12":{"start":{"line":27,"column":12},"end":{"line":27,"column":14}},"13":{"start":{"line":28,"column":2},"end":{"line":29,"column":79}},"14":{"start":{"line":28,"column":15},"end":{"line":28,"column":16}},"15":{"start":{"line":29,"column":4},"end":{"line":29,"column":79}},"16":{"start":{"line":30,"column":2},"end":{"line":30,"column":13}},"17":{"start":{"line":34,"column":2},"end":{"line":36,"column":8}},"18":{"start":{"line":35,"column":4},"end":{"line":35,"column":49}},"19":{"start":{"line":40,"column":2},"end":{"line":40,"column":41}},"20":{"start":{"line":40,"column":25},"end":{"line":40,"column":39}},"21":{"start":{"line":44,"column":12},"end":{"line":44,"column":20}},"22":{"start":{"line":45,"column":12},"end":{"line":45,"column":20}},"23":{"start":{"line":46,"column":2},"end":{"line":51,"column":5}},"24":{"start":{"line":47,"column":4},"end":{"line":48,"column":15}},"25":{"start":{"line":48,"column":6},"end":{"line":48,"column":15}},"26":{"start":{"line":49,"column":4},"end":{"line":50,"column":15}},"27":{"start":{"line":50,"column":6},"end":{"line":50,"column":15}},"28":{"start":{"line":52,"column":2},"end":{"line":52,"column":20}},"29":{"start":{"line":55,"column":0},"end":{"line":61,"column":2}}},"fnMap":{"0":{"name":"(anonymous_0)","decl":{"start":{"line":3,"column":43},"end":{"line":3,"column":44}},"loc":{"start":{"line":3,"column":49},"end":{"line":6,"column":1}},"line":3},"1":{"name":"(anonymous_1)","decl":{"start":{"line":8,"column":43},"end":{"line":8,"column":44}},"loc":{"start":{"line":8,"column":49},"end":{"line":10,"column":1}},"line":8},"2":{"name":"(anonymous_2)","decl":{"start":{"line":12,"column":43},"end":{"line":12,"column":44}},"loc":{"start":{"line":12,"column":49},"end":{"line":15,"column":1}},"line":12},"3":{"name":"(anonymous_3)","decl":{"start":{"line":17,"column":43},"end":{"line":17,"column":44}},"loc":{"start":{"line":17,"column":49},"end":{"line":19,"column":1}},"line":17},"4":{"name":"generateRandomInt","decl":{"start":{"line":21,"column":9},"end":{"line":21,"column":26}},"loc":{"start":{"line":21,"column":37},"end":{"line":24,"column":1}},"line":21},"5":{"name":"createArray","decl":{"start":{"line":26,"column":9},"end":{"line":26,"column":20}},"loc":{"start":{"line":26,"column":28},"end":{"line":31,"column":1}},"line":26},"6":{"name":"calcSum","decl":{"start":{"line":33,"column":9},"end":{"line":33,"column":16}},"loc":{"start":{"line":33,"column":21},"end":{"line":37,"column":1}},"line":33},"7":{"name":"(anonymous_7)","decl":{"start":{"line":34,"column":20},"end":{"line":34,"column":21}},"loc":{"start":{"line":34,"column":33},"end":{"line":36,"column":3}},"line":34},"8":{"name":"getMultipliedArray","decl":{"start":{"line":39,"column":9},"end":{"line":39,"column":27}},"loc":{"start":{"line":39,"column":45},"end":{"line":41,"column":1}},"line":39},"9":{"name":"(anonymous_9)","decl":{"start":{"line":40,"column":17},"end":{"line":40,"column":18}},"loc":{"start":{"line":40,"column":25},"end":{"line":40,"column":39}},"line":40},"10":{"name":"getMaxAndMin","decl":{"start":{"line":43,"column":9},"end":{"line":43,"column":21}},"loc":{"start":{"line":43,"column":27},"end":{"line":53,"column":1}},"line":43},"11":{"name":"(anonymous_11)","decl":{"start":{"line":46,"column":14},"end":{"line":46,"column":15}},"loc":{"start":{"line":46,"column":22},"end":{"line":51,"column":3}},"line":46}},"branchMap":{"0":{"loc":{"start":{"line":35,"column":12},"end":{"line":35,"column":47}},"type":"cond-expr","locations":[{"start":{"line":35,"column":25},"end":{"line":35,"column":41}},{"start":{"line":35,"column":44},"end":{"line":35,"column":47}}],"line":35},"1":{"loc":{"start":{"line":47,"column":4},"end":{"line":48,"column":15}},"type":"if","locations":[{"start":{"line":47,"column":4},"end":{"line":48,"column":15}},{"start":{},"end":{}}],"line":47},"2":{"loc":{"start":{"line":49,"column":4},"end":{"line":50,"column":15}},"type":"if","locations":[{"start":{"line":49,"column":4},"end":{"line":50,"column":15}},{"start":{},"end":{}}],"line":49}},"s":{"0":1,"1":0,"2":0,"3":1,"4":0,"5":1,"6":0,"7":0,"8":1,"9":0,"10":259,"11":259,"12":3,"13":3,"14":3,"15":16,"16":3,"17":4,"18":14,"19":12,"20":42,"21":4,"22":4,"23":4,"24":14,"25":1,"26":14,"27":7,"28":4,"29":1},"f":{"0":0,"1":0,"2":0,"3":0,"4":259,"5":3,"6":4,"7":14,"8":12,"9":42,"10":4,"11":14},"b":{"0":[13,1],"1":[1,13],"2":[7,7]},"_coverageSchema":"1a1c01bbd47fc00a2c39e90264f33305004495a9","hash":"cf32b88001b38128d2322362c15322720418dbbb"}
}
