TN:
SF:script.js
FN:3,(anonymous_0)
FN:8,(anonymous_1)
FN:12,(anonymous_2)
FN:17,(anonymous_3)
FN:21,generateRandomInt
FN:26,createArray
FN:33,calcSum
FN:34,(anonymous_7)
FN:39,getMultipliedArray
FN:40,(anonymous_9)
FN:43,getMaxAndMin
FN:46,(anonymous_11)
FNF:12
FNH:8
FNDA:0,(anonymous_0)
FNDA:0,(anonymous_1)
FNDA:0,(anonymous_2)
FNDA:0,(anonymous_3)
FNDA:259,generateRandomInt
FNDA:3,createArray
FNDA:4,calcSum
FNDA:14,(anonymous_7)
FNDA:12,getMultipliedArray
FNDA:42,(anonymous_9)
FNDA:4,getMaxAndMin
FNDA:14,(anonymous_11)
DA:3,1
DA:4,0
DA:5,0
DA:8,1
DA:9,0
DA:12,1
DA:13,0
DA:14,0
DA:17,1
DA:18,0
DA:22,259
DA:23,259
DA:27,3
DA:28,3
DA:29,16
DA:30,3
DA:34,4
DA:35,14
DA:40,42
DA:44,4
DA:45,4
DA:46,4
DA:47,14
DA:48,1
DA:49,14
DA:50,7
DA:52,4
DA:55,1
LF:28
LH:22
BRDA:35,0,0,13
BRDA:35,0,1,1
BRDA:47,1,0,1
BRDA:47,1,1,13
BRDA:49,2,0,7
BRDA:49,2,1,7
BRF:6
BRH:6
end_of_record
