<?xml version="1.0" encoding="UTF-8"?>
<coverage generated="1753946813286" clover="3.2.0">
  <project timestamp="1753946813286" name="All files">
    <metrics statements="39" coveredstatements="33" conditionals="39" coveredconditionals="33" methods="17" coveredmethods="14" elements="95" coveredelements="80" complexity="0" loc="39" ncloc="39" packages="1" files="1" classes="1"/>
    <file name="script.js" path="/home/palina/otus/otus-js-hw4/hw10/script.js">
      <metrics statements="39" coveredstatements="33" conditionals="39" coveredconditionals="33" methods="17" coveredmethods="14"/>
      <line num="1" count="1" type="stmt"/>
      <line num="2" count="0" type="stmt"/>
      <line num="3" count="0" type="cond" truecount="0" falsecount="2"/>
      <line num="6" count="1" type="stmt"/>
      <line num="7" count="0" type="stmt"/>
      <line num="8" count="0" type="cond" truecount="0" falsecount="2"/>
      <line num="11" count="1" type="stmt"/>
      <line num="12" count="0" type="stmt"/>
      <line num="13" count="0" type="cond" truecount="0" falsecount="2"/>
      <line num="19" count="8" type="stmt"/>
      <line num="20" count="8" type="stmt"/>
      <line num="23" count="8" type="cond" truecount="4" falsecount="0"/>
      <line num="24" count="1" type="stmt"/>
      <line num="27" count="21" type="stmt"/>
      <line num="29" count="7" type="cond" truecount="5" falsecount="0"/>
      <line num="30" count="2" type="stmt"/>
      <line num="33" count="5" type="cond" truecount="4" falsecount="0"/>
      <line num="34" count="1" type="stmt"/>
      <line num="37" count="4" type="cond" truecount="4" falsecount="0"/>
      <line num="38" count="1" type="stmt"/>
      <line num="40" count="3" type="stmt"/>
      <line num="44" count="27" type="cond" truecount="2" falsecount="0"/>
      <line num="48" count="53" type="cond" truecount="2" falsecount="0"/>
      <line num="52" count="106" type="stmt"/>
      <line num="56" count="15" type="stmt"/>
      <line num="63" count="7" type="stmt"/>
      <line num="65" count="7" type="stmt"/>
      <line num="67" count="7" type="stmt"/>
      <line num="72" count="6" type="stmt"/>
      <line num="74" count="6" type="stmt"/>
      <line num="77" count="6" type="cond" truecount="2" falsecount="0"/>
      <line num="78" count="2" type="stmt"/>
      <line num="81" count="65" type="cond" truecount="3" falsecount="0"/>
      <line num="82" count="4" type="stmt"/>
      <line num="84" count="4" type="cond" truecount="2" falsecount="0"/>
      <line num="88" count="16" type="cond" truecount="2" falsecount="0"/>
      <line num="92" count="37" type="stmt"/>
      <line num="96" count="6" type="stmt"/>
      <line num="99" count="1" type="stmt"/>
    </file>
  </project>
</coverage>
