{"/home/palina/otus/otus-js-hw4/hw10/script.js": {"path":"/home/palina/otus/otus-js-hw4/hw10/script.js","statementMap":{"0":{"start":{"line":1,"column":0},"end":{"line":4,"column":1}},"1":{"start":{"line":2,"column":14},"end":{"line":2,"column":43}},"2":{"start":{"line":3,"column":2},"end":{"line":3,"column":68}},"3":{"start":{"line":6,"column":0},"end":{"line":9,"column":1}},"4":{"start":{"line":7,"column":14},"end":{"line":7,"column":38}},"5":{"start":{"line":8,"column":2},"end":{"line":8,"column":64}},"6":{"start":{"line":11,"column":0},"end":{"line":14,"column":1}},"7":{"start":{"line":12,"column":14},"end":{"line":12,"column":79}},"8":{"start":{"line":13,"column":2},"end":{"line":13,"column":93}},"9":{"start":{"line":19,"column":2},"end":{"line":19,"column":19}},"10":{"start":{"line":20,"column":17},"end":{"line":20,"column":63}},"11":{"start":{"line":23,"column":2},"end":{"line":24,"column":17}},"12":{"start":{"line":24,"column":4},"end":{"line":24,"column":17}},"13":{"start":{"line":27,"column":29},"end":{"line":27,"column":65}},"14":{"start":{"line":27,"column":54},"end":{"line":27,"column":64}},"15":{"start":{"line":29,"column":2},"end":{"line":30,"column":17}},"16":{"start":{"line":30,"column":4},"end":{"line":30,"column":17}},"17":{"start":{"line":33,"column":2},"end":{"line":34,"column":17}},"18":{"start":{"line":34,"column":4},"end":{"line":34,"column":17}},"19":{"start":{"line":37,"column":2},"end":{"line":38,"column":17}},"20":{"start":{"line":38,"column":4},"end":{"line":38,"column":17}},"21":{"start":{"line":40,"column":2},"end":{"line":40,"column":14}},"22":{"start":{"line":44,"column":2},"end":{"line":44,"column":80}},"23":{"start":{"line":48,"column":2},"end":{"line":48,"column":43}},"24":{"start":{"line":52,"column":2},"end":{"line":52,"column":67}},"25":{"start":{"line":52,"column":47},"end":{"line":52,"column":58}},"26":{"start":{"line":56,"column":2},"end":{"line":58,"column":35}},"27":{"start":{"line":63,"column":2},"end":{"line":63,"column":19}},"28":{"start":{"line":65,"column":17},"end":{"line":65,"column":56}},"29":{"start":{"line":67,"column":2},"end":{"line":67,"column":31}},"30":{"start":{"line":72,"column":2},"end":{"line":72,"column":19}},"31":{"start":{"line":74,"column":17},"end":{"line":74,"column":83}},"32":{"start":{"line":77,"column":2},"end":{"line":78,"column":17}},"33":{"start":{"line":78,"column":4},"end":{"line":78,"column":17}},"34":{"start":{"line":81,"column":17},"end":{"line":81,"column":83}},"35":{"start":{"line":81,"column":47},"end":{"line":81,"column":81}},"36":{"start":{"line":82,"column":15},"end":{"line":82,"column":44}},"37":{"start":{"line":84,"column":2},"end":{"line":84,"column":48}},"38":{"start":{"line":88,"column":2},"end":{"line":88,"column":67}},"39":{"start":{"line":92,"column":2},"end":{"line":92,"column":60}},"40":{"start":{"line":92,"column":43},"end":{"line":92,"column":52}},"41":{"start":{"line":96,"column":2},"end":{"line":96,"column":28}},"42":{"start":{"line":99,"column":0},"end":{"line":110,"column":2}}},"fnMap":{"0":{"name":"(anonymous_0)","decl":{"start":{"line":1,"column":43},"end":{"line":1,"column":44}},"loc":{"start":{"line":1,"column":49},"end":{"line":4,"column":1}},"line":1},"1":{"name":"(anonymous_1)","decl":{"start":{"line":6,"column":43},"end":{"line":6,"column":44}},"loc":{"start":{"line":6,"column":49},"end":{"line":9,"column":1}},"line":6},"2":{"name":"(anonymous_2)","decl":{"start":{"line":11,"column":43},"end":{"line":11,"column":44}},"loc":{"start":{"line":11,"column":49},"end":{"line":14,"column":1}},"line":11},"3":{"name":"isDate","decl":{"start":{"line":17,"column":9},"end":{"line":17,"column":15}},"loc":{"start":{"line":17,"column":21},"end":{"line":41,"column":1}},"line":17},"4":{"name":"(anonymous_4)","decl":{"start":{"line":27,"column":48},"end":{"line":27,"column":49}},"loc":{"start":{"line":27,"column":54},"end":{"line":27,"column":64}},"line":27},"5":{"name":"isRegexp","decl":{"start":{"line":43,"column":9},"end":{"line":43,"column":17}},"loc":{"start":{"line":43,"column":31},"end":{"line":45,"column":1}},"line":43},"6":{"name":"isBetween","decl":{"start":{"line":47,"column":9},"end":{"line":47,"column":18}},"loc":{"start":{"line":47,"column":32},"end":{"line":49,"column":1}},"line":47},"7":{"name":"has31days","decl":{"start":{"line":51,"column":9},"end":{"line":51,"column":18}},"loc":{"start":{"line":51,"column":27},"end":{"line":53,"column":1}},"line":51},"8":{"name":"(anonymous_8)","decl":{"start":{"line":52,"column":40},"end":{"line":52,"column":41}},"loc":{"start":{"line":52,"column":47},"end":{"line":52,"column":58}},"line":52},"9":{"name":"isLeap","decl":{"start":{"line":55,"column":9},"end":{"line":55,"column":15}},"loc":{"start":{"line":55,"column":23},"end":{"line":59,"column":1}},"line":55},"10":{"name":"isEmail","decl":{"start":{"line":61,"column":9},"end":{"line":61,"column":16}},"loc":{"start":{"line":61,"column":22},"end":{"line":68,"column":1}},"line":61},"11":{"name":"isTelephoneNumber","decl":{"start":{"line":70,"column":9},"end":{"line":70,"column":26}},"loc":{"start":{"line":70,"column":32},"end":{"line":85,"column":1}},"line":70},"12":{"name":"(anonymous_12)","decl":{"start":{"line":81,"column":38},"end":{"line":81,"column":39}},"loc":{"start":{"line":81,"column":47},"end":{"line":81,"column":81}},"line":81},"13":{"name":"isCityCode","decl":{"start":{"line":87,"column":9},"end":{"line":87,"column":19}},"loc":{"start":{"line":87,"column":26},"end":{"line":89,"column":1}},"line":87},"14":{"name":"isMobyCode","decl":{"start":{"line":91,"column":9},"end":{"line":91,"column":19}},"loc":{"start":{"line":91,"column":24},"end":{"line":93,"column":1}},"line":91},"15":{"name":"(anonymous_15)","decl":{"start":{"line":92,"column":36},"end":{"line":92,"column":37}},"loc":{"start":{"line":92,"column":43},"end":{"line":92,"column":52}},"line":92},"16":{"name":"askInput","decl":{"start":{"line":95,"column":9},"end":{"line":95,"column":17}},"loc":{"start":{"line":95,"column":27},"end":{"line":97,"column":1}},"line":95}},"branchMap":{"0":{"loc":{"start":{"line":3,"column":24},"end":{"line":3,"column":53}},"type":"cond-expr","locations":[{"start":{"line":3,"column":38},"end":{"line":3,"column":42}},{"start":{"line":3,"column":45},"end":{"line":3,"column":53}}],"line":3},"1":{"loc":{"start":{"line":8,"column":24},"end":{"line":8,"column":54}},"type":"cond-expr","locations":[{"start":{"line":8,"column":39},"end":{"line":8,"column":43}},{"start":{"line":8,"column":46},"end":{"line":8,"column":54}}],"line":8},"2":{"loc":{"start":{"line":13,"column":24},"end":{"line":13,"column":64}},"type":"cond-expr","locations":[{"start":{"line":13,"column":49},"end":{"line":13,"column":53}},{"start":{"line":13,"column":56},"end":{"line":13,"column":64}}],"line":13},"3":{"loc":{"start":{"line":23,"column":2},"end":{"line":24,"column":17}},"type":"if","locations":[{"start":{"line":23,"column":2},"end":{"line":24,"column":17}},{"start":{},"end":{}}],"line":23},"4":{"loc":{"start":{"line":23,"column":5},"end":{"line":23,"column":42}},"type":"binary-expr","locations":[{"start":{"line":23,"column":5},"end":{"line":23,"column":21}},{"start":{"line":23,"column":25},"end":{"line":23,"column":42}}],"line":23},"5":{"loc":{"start":{"line":29,"column":2},"end":{"line":30,"column":17}},"type":"if","locations":[{"start":{"line":29,"column":2},"end":{"line":30,"column":17}},{"start":{},"end":{}}],"line":29},"6":{"loc":{"start":{"line":29,"column":6},"end":{"line":29,"column":85}},"type":"binary-expr","locations":[{"start":{"line":29,"column":6},"end":{"line":29,"column":28}},{"start":{"line":29,"column":32},"end":{"line":29,"column":56}},{"start":{"line":29,"column":60},"end":{"line":29,"column":85}}],"line":29},"7":{"loc":{"start":{"line":33,"column":2},"end":{"line":34,"column":17}},"type":"if","locations":[{"start":{"line":33,"column":2},"end":{"line":34,"column":17}},{"start":{},"end":{}}],"line":33},"8":{"loc":{"start":{"line":33,"column":5},"end":{"line":33,"column":35}},"type":"binary-expr","locations":[{"start":{"line":33,"column":5},"end":{"line":33,"column":14}},{"start":{"line":33,"column":18},"end":{"line":33,"column":35}}],"line":33},"9":{"loc":{"start":{"line":37,"column":2},"end":{"line":38,"column":17}},"type":"if","locations":[{"start":{"line":37,"column":2},"end":{"line":38,"column":17}},{"start":{},"end":{}}],"line":37},"10":{"loc":{"start":{"line":37,"column":5},"end":{"line":37,"column":31}},"type":"binary-expr","locations":[{"start":{"line":37,"column":5},"end":{"line":37,"column":14}},{"start":{"line":37,"column":18},"end":{"line":37,"column":31}}],"line":37},"11":{"loc":{"start":{"line":44,"column":17},"end":{"line":44,"column":78}},"type":"binary-expr","locations":[{"start":{"line":44,"column":17},"end":{"line":44,"column":33}},{"start":{"line":44,"column":37},"end":{"line":44,"column":78}}],"line":44},"12":{"loc":{"start":{"line":48,"column":17},"end":{"line":48,"column":41}},"type":"binary-expr","locations":[{"start":{"line":48,"column":18},"end":{"line":48,"column":26}},{"start":{"line":48,"column":32},"end":{"line":48,"column":40}}],"line":48},"13":{"loc":{"start":{"line":57,"column":4},"end":{"line":58,"column":33}},"type":"binary-expr","locations":[{"start":{"line":57,"column":4},"end":{"line":57,"column":17}},{"start":{"line":58,"column":5},"end":{"line":58,"column":16}},{"start":{"line":58,"column":21},"end":{"line":58,"column":31}}],"line":57},"14":{"loc":{"start":{"line":77,"column":2},"end":{"line":78,"column":17}},"type":"if","locations":[{"start":{"line":77,"column":2},"end":{"line":78,"column":17}},{"start":{},"end":{}}],"line":77},"15":{"loc":{"start":{"line":81,"column":47},"end":{"line":81,"column":81}},"type":"binary-expr","locations":[{"start":{"line":81,"column":47},"end":{"line":81,"column":57}},{"start":{"line":81,"column":62},"end":{"line":81,"column":69}},{"start":{"line":81,"column":73},"end":{"line":81,"column":80}}],"line":81},"16":{"loc":{"start":{"line":84,"column":10},"end":{"line":84,"column":46}},"type":"binary-expr","locations":[{"start":{"line":84,"column":10},"end":{"line":84,"column":26}},{"start":{"line":84,"column":30},"end":{"line":84,"column":46}}],"line":84},"17":{"loc":{"start":{"line":88,"column":17},"end":{"line":88,"column":65}},"type":"binary-expr","locations":[{"start":{"line":88,"column":17},"end":{"line":88,"column":39}},{"start":{"line":88,"column":43},"end":{"line":88,"column":65}}],"line":88}},"s":{"0":1,"1":0,"2":0,"3":1,"4":0,"5":0,"6":1,"7":0,"8":0,"9":8,"10":8,"11":8,"12":1,"13":7,"14":21,"15":7,"16":2,"17":5,"18":1,"19":4,"20":1,"21":3,"22":27,"23":53,"24":19,"25":106,"26":15,"27":7,"28":7,"29":7,"30":6,"31":6,"32":6,"33":2,"34":4,"35":65,"36":4,"37":4,"38":16,"39":12,"40":37,"41":6,"42":1},"f":{"0":0,"1":0,"2":0,"3":8,"4":21,"5":27,"6":53,"7":19,"8":106,"9":15,"10":7,"11":6,"12":65,"13":16,"14":12,"15":37,"16":6},"b":{"0":[0,0],"1":[0,0],"2":[0,0],"3":[1,7],"4":[8,7],"5":[2,5],"6":[7,5,5],"7":[1,4],"8":[5,2],"9":[1,3],"10":[4,2],"11":[27,21],"12":[53,42],"13":[15,13,9],"14":[2,4],"15":[65,61,42],"16":[4,3],"17":[16,12]},"_coverageSchema":"1a1c01bbd47fc00a2c39e90264f33305004495a9","hash":"d914d57bf07f9a570b5a5d3b5ee8af8ac2819ad8"}
}
