TN:
SF:script.js
FN:1,(anonymous_0)
FN:6,(anonymous_1)
FN:11,(anonymous_2)
FN:17,isDate
FN:27,(anonymous_4)
FN:43,isRegexp
FN:47,isBetween
FN:51,has31days
FN:52,(anonymous_8)
FN:55,isLeap
FN:61,isEmail
FN:70,isTelephoneNumber
FN:81,(anonymous_12)
FN:87,isCityCode
FN:91,isMobyCode
FN:92,(anonymous_15)
FN:95,askInput
FNF:17
FNH:14
FNDA:0,(anonymous_0)
FNDA:0,(anonymous_1)
FNDA:0,(anonymous_2)
FNDA:8,isDate
FNDA:21,(anonymous_4)
FNDA:27,isRegexp
FNDA:53,isBetween
FNDA:19,has31days
FNDA:106,(anonymous_8)
FNDA:15,isLeap
FNDA:7,isEmail
FNDA:6,isTelephoneNumber
FNDA:65,(anonymous_12)
FNDA:16,isCityCode
FNDA:12,isMobyCode
FNDA:37,(anonymous_15)
FNDA:6,askInput
DA:1,1
DA:2,0
DA:3,0
DA:6,1
DA:7,0
DA:8,0
DA:11,1
DA:12,0
DA:13,0
DA:19,8
DA:20,8
DA:23,8
DA:24,1
DA:27,21
DA:29,7
DA:30,2
DA:33,5
DA:34,1
DA:37,4
DA:38,1
DA:40,3
DA:44,27
DA:48,53
DA:52,106
DA:56,15
DA:63,7
DA:65,7
DA:67,7
DA:72,6
DA:74,6
DA:77,6
DA:78,2
DA:81,65
DA:82,4
DA:84,4
DA:88,16
DA:92,37
DA:96,6
DA:99,1
LF:39
LH:33
BRDA:3,0,0,0
BRDA:3,0,1,0
BRDA:8,1,0,0
BRDA:8,1,1,0
BRDA:13,2,0,0
BRDA:13,2,1,0
BRDA:23,3,0,1
BRDA:23,3,1,7
BRDA:23,4,0,8
BRDA:23,4,1,7
BRDA:29,5,0,2
BRDA:29,5,1,5
BRDA:29,6,0,7
BRDA:29,6,1,5
BRDA:29,6,2,5
BRDA:33,7,0,1
BRDA:33,7,1,4
BRDA:33,8,0,5
BRDA:33,8,1,2
BRDA:37,9,0,1
BRDA:37,9,1,3
BRDA:37,10,0,4
BRDA:37,10,1,2
BRDA:44,11,0,27
BRDA:44,11,1,21
BRDA:48,12,0,53
BRDA:48,12,1,42
BRDA:57,13,0,15
BRDA:57,13,1,13
BRDA:57,13,2,9
BRDA:77,14,0,2
BRDA:77,14,1,4
BRDA:81,15,0,65
BRDA:81,15,1,61
BRDA:81,15,2,42
BRDA:84,16,0,4
BRDA:84,16,1,3
BRDA:88,17,0,16
BRDA:88,17,1,12
BRF:39
BRH:33
end_of_record
