<?xml version="1.0" encoding="UTF-8"?>
<coverage generated="1753946725237" clover="3.2.0">
  <project timestamp="1753946725237" name="All files">
    <metrics statements="23" coveredstatements="19" conditionals="2" coveredconditionals="2" methods="7" coveredmethods="4" elements="32" coveredelements="25" complexity="0" loc="23" ncloc="23" packages="1" files="1" classes="1"/>
    <file name="script.js" path="/home/palina/otus/otus-js-hw4/hw3/script.js">
      <metrics statements="23" coveredstatements="19" conditionals="2" coveredconditionals="2" methods="7" coveredmethods="4"/>
      <line num="1" count="1" type="stmt"/>
      <line num="2" count="0" type="stmt"/>
      <line num="5" count="1" type="stmt"/>
      <line num="6" count="0" type="stmt"/>
      <line num="9" count="1" type="stmt"/>
      <line num="10" count="0" type="stmt"/>
      <line num="11" count="0" type="stmt"/>
      <line num="16" count="12" type="stmt"/>
      <line num="17" count="12" type="stmt"/>
      <line num="18" count="29" type="stmt"/>
      <line num="19" count="12" type="stmt"/>
      <line num="24" count="12" type="stmt"/>
      <line num="25" count="12" type="stmt"/>
      <line num="26" count="12" type="stmt"/>
      <line num="27" count="29" type="stmt"/>
      <line num="28" count="29" type="stmt"/>
      <line num="30" count="12" type="stmt"/>
      <line num="35" count="3" type="stmt"/>
      <line num="36" count="3" type="stmt"/>
      <line num="37" count="27" type="stmt"/>
      <line num="38" count="3" type="stmt"/>
      <line num="42" count="6" type="stmt"/>
      <line num="45" count="1" type="stmt"/>
    </file>
  </project>
</coverage>
