{"/home/palina/otus/otus-js-hw4/hw3/script.js": {"path":"/home/palina/otus/otus-js-hw4/hw3/script.js","statementMap":{"0":{"start":{"line":1,"column":0},"end":{"line":3,"column":1}},"1":{"start":{"line":2,"column":2},"end":{"line":2,"column":61}},"2":{"start":{"line":5,"column":0},"end":{"line":7,"column":1}},"3":{"start":{"line":6,"column":2},"end":{"line":6,"column":68}},"4":{"start":{"line":9,"column":0},"end":{"line":12,"column":1}},"5":{"start":{"line":10,"column":12},"end":{"line":10,"column":41}},"6":{"start":{"line":11,"column":2},"end":{"line":11,"column":75}},"7":{"start":{"line":16,"column":12},"end":{"line":16,"column":13}},"8":{"start":{"line":17,"column":2},"end":{"line":18,"column":13}},"9":{"start":{"line":17,"column":14},"end":{"line":17,"column":18}},"10":{"start":{"line":18,"column":4},"end":{"line":18,"column":13}},"11":{"start":{"line":19,"column":2},"end":{"line":19,"column":13}},"12":{"start":{"line":24,"column":12},"end":{"line":24,"column":13}},"13":{"start":{"line":25,"column":14},"end":{"line":25,"column":15}},"14":{"start":{"line":26,"column":2},"end":{"line":29,"column":3}},"15":{"start":{"line":26,"column":14},"end":{"line":26,"column":18}},"16":{"start":{"line":27,"column":4},"end":{"line":27,"column":13}},"17":{"start":{"line":28,"column":4},"end":{"line":28,"column":12}},"18":{"start":{"line":30,"column":2},"end":{"line":30,"column":19}},"19":{"start":{"line":35,"column":14},"end":{"line":35,"column":16}},"20":{"start":{"line":36,"column":2},"end":{"line":37,"column":46}},"21":{"start":{"line":36,"column":14},"end":{"line":36,"column":15}},"22":{"start":{"line":37,"column":4},"end":{"line":37,"column":46}},"23":{"start":{"line":38,"column":2},"end":{"line":38,"column":26}},"24":{"start":{"line":42,"column":2},"end":{"line":42,"column":28}},"25":{"start":{"line":45,"column":0},"end":{"line":50,"column":2}}},"fnMap":{"0":{"name":"(anonymous_0)","decl":{"start":{"line":1,"column":43},"end":{"line":1,"column":44}},"loc":{"start":{"line":1,"column":49},"end":{"line":3,"column":1}},"line":1},"1":{"name":"(anonymous_1)","decl":{"start":{"line":5,"column":43},"end":{"line":5,"column":44}},"loc":{"start":{"line":5,"column":49},"end":{"line":7,"column":1}},"line":5},"2":{"name":"(anonymous_2)","decl":{"start":{"line":9,"column":43},"end":{"line":9,"column":44}},"loc":{"start":{"line":9,"column":49},"end":{"line":12,"column":1}},"line":9},"3":{"name":"calcSum","decl":{"start":{"line":15,"column":9},"end":{"line":15,"column":16}},"loc":{"start":{"line":15,"column":36},"end":{"line":20,"column":1}},"line":15},"4":{"name":"calcAverage","decl":{"start":{"line":23,"column":9},"end":{"line":23,"column":20}},"loc":{"start":{"line":23,"column":40},"end":{"line":31,"column":1}},"line":23},"5":{"name":"getMultipleTable","decl":{"start":{"line":34,"column":9},"end":{"line":34,"column":25}},"loc":{"start":{"line":34,"column":31},"end":{"line":39,"column":1}},"line":34},"6":{"name":"askInput","decl":{"start":{"line":41,"column":9},"end":{"line":41,"column":17}},"loc":{"start":{"line":41,"column":27},"end":{"line":43,"column":1}},"line":41}},"branchMap":{"0":{"loc":{"start":{"line":15,"column":27},"end":{"line":15,"column":35}},"type":"default-arg","locations":[{"start":{"line":15,"column":34},"end":{"line":15,"column":35}}],"line":15},"1":{"loc":{"start":{"line":23,"column":31},"end":{"line":23,"column":39}},"type":"default-arg","locations":[{"start":{"line":23,"column":38},"end":{"line":23,"column":39}}],"line":23}},"s":{"0":1,"1":0,"2":1,"3":0,"4":1,"5":0,"6":0,"7":12,"8":12,"9":12,"10":29,"11":12,"12":12,"13":12,"14":12,"15":12,"16":29,"17":29,"18":12,"19":3,"20":3,"21":3,"22":27,"23":3,"24":6,"25":1},"f":{"0":0,"1":0,"2":0,"3":12,"4":12,"5":3,"6":6},"b":{"0":[6],"1":[6]},"_coverageSchema":"1a1c01bbd47fc00a2c39e90264f33305004495a9","hash":"7c3c99ef606367441d5e1c837570a79bdd837cc4"}
}
