TN:
SF:script.js
FN:1,(anonymous_0)
FN:5,(anonymous_1)
FN:9,(anonymous_2)
FN:15,calcSum
FN:23,calcAverage
FN:34,getMultipleTable
FN:41,askInput
FNF:7
FNH:4
FNDA:0,(anonymous_0)
FNDA:0,(anonymous_1)
FNDA:0,(anonymous_2)
FNDA:12,calcSum
FNDA:12,calcAverage
FNDA:3,getMultipleTable
FNDA:6,askInput
DA:1,1
DA:2,0
DA:5,1
DA:6,0
DA:9,1
DA:10,0
DA:11,0
DA:16,12
DA:17,12
DA:18,29
DA:19,12
DA:24,12
DA:25,12
DA:26,12
DA:27,29
DA:28,29
DA:30,12
DA:35,3
DA:36,3
DA:37,27
DA:38,3
DA:42,6
DA:45,1
LF:23
LH:19
BRDA:15,0,0,6
BRDA:23,1,0,6
BRF:2
BRH:2
end_of_record
