<?xml version="1.0" encoding="UTF-8"?>
<coverage generated="1753946761747" clover="3.2.0">
  <project timestamp="1753946761747" name="All files">
    <metrics statements="40" coveredstatements="22" conditionals="28" coveredconditionals="22" methods="9" coveredmethods="6" elements="77" coveredelements="50" complexity="0" loc="40" ncloc="40" packages="1" files="1" classes="1"/>
    <file name="script.js" path="/home/palina/otus/otus-js-hw4/hw8/script.js">
      <metrics statements="40" coveredstatements="22" conditionals="28" coveredconditionals="22" methods="9" coveredmethods="6"/>
      <line num="1" count="1" type="stmt"/>
      <line num="2" count="0" type="stmt"/>
      <line num="3" count="0" type="stmt"/>
      <line num="4" count="0" type="stmt"/>
      <line num="7" count="1" type="stmt"/>
      <line num="8" count="0" type="stmt"/>
      <line num="9" count="0" type="stmt"/>
      <line num="12" count="1" type="stmt"/>
      <line num="13" count="0" type="stmt"/>
      <line num="14" count="0" type="stmt"/>
      <line num="16" count="0" type="stmt"/>
      <line num="17" count="0" type="stmt"/>
      <line num="19" count="0" type="cond" truecount="0" falsecount="3"/>
      <line num="21" count="0" type="stmt"/>
      <line num="22" count="0" type="stmt"/>
      <line num="24" count="0" type="stmt"/>
      <line num="25" count="0" type="stmt"/>
      <line num="27" count="0" type="stmt"/>
      <line num="33" count="3" type="stmt"/>
      <line num="34" count="9" type="cond" truecount="4" falsecount="0"/>
      <line num="35" count="2" type="stmt"/>
      <line num="37" count="7" type="cond" truecount="4" falsecount="0"/>
      <line num="38" count="2" type="cond" truecount="2" falsecount="0"/>
      <line num="42" count="5" type="stmt"/>
      <line num="47" count="6" type="stmt"/>
      <line num="51" count="5" type="cond" truecount="5" falsecount="3"/>
      <line num="52" count="1" type="stmt"/>
      <line num="53" count="1" type="stmt"/>
      <line num="54" count="1" type="stmt"/>
      <line num="55" count="1" type="stmt"/>
      <line num="56" count="0" type="stmt"/>
      <line num="57" count="0" type="stmt"/>
      <line num="58" count="1" type="stmt"/>
      <line num="59" count="0" type="stmt"/>
      <line num="64" count="9" type="stmt"/>
      <line num="65" count="9" type="cond" truecount="5" falsecount="0"/>
      <line num="68" count="3" type="stmt"/>
      <line num="69" count="6" type="cond" truecount="2" falsecount="0"/>
      <line num="73" count="4" type="stmt"/>
      <line num="76" count="1" type="stmt"/>
    </file>
  </project>
</coverage>
