{"/home/palina/otus/otus-js-hw4/hw8/script.js": {"path":"/home/palina/otus/otus-js-hw4/hw8/script.js","statementMap":{"0":{"start":{"line":1,"column":0},"end":{"line":5,"column":1}},"1":{"start":{"line":2,"column":19},"end":{"line":2,"column":56}},"2":{"start":{"line":3,"column":15},"end":{"line":3,"column":48}},"3":{"start":{"line":4,"column":2},"end":{"line":4,"column":52}},"4":{"start":{"line":7,"column":0},"end":{"line":10,"column":1}},"5":{"start":{"line":8,"column":18},"end":{"line":8,"column":28}},"6":{"start":{"line":9,"column":2},"end":{"line":9,"column":82}},"7":{"start":{"line":12,"column":0},"end":{"line":29,"column":1}},"8":{"start":{"line":13,"column":15},"end":{"line":13,"column":74}},"9":{"start":{"line":14,"column":15},"end":{"line":14,"column":75}},"10":{"start":{"line":16,"column":20},"end":{"line":16,"column":49}},"11":{"start":{"line":17,"column":20},"end":{"line":17,"column":49}},"12":{"start":{"line":19,"column":2},"end":{"line":28,"column":3}},"13":{"start":{"line":21,"column":6},"end":{"line":21,"column":47}},"14":{"start":{"line":22,"column":6},"end":{"line":22,"column":12}},"15":{"start":{"line":24,"column":6},"end":{"line":24,"column":48}},"16":{"start":{"line":25,"column":6},"end":{"line":25,"column":12}},"17":{"start":{"line":27,"column":6},"end":{"line":27,"column":45}},"18":{"start":{"line":33,"column":2},"end":{"line":43,"column":25}},"19":{"start":{"line":34,"column":4},"end":{"line":35,"column":24}},"20":{"start":{"line":35,"column":6},"end":{"line":35,"column":24}},"21":{"start":{"line":37,"column":4},"end":{"line":41,"column":5}},"22":{"start":{"line":38,"column":6},"end":{"line":40,"column":35}},"23":{"start":{"line":42,"column":4},"end":{"line":42,"column":14}},"24":{"start":{"line":47,"column":2},"end":{"line":47,"column":28}},"25":{"start":{"line":51,"column":2},"end":{"line":60,"column":3}},"26":{"start":{"line":52,"column":12},"end":{"line":52,"column":30}},"27":{"start":{"line":53,"column":12},"end":{"line":53,"column":28}},"28":{"start":{"line":54,"column":12},"end":{"line":54,"column":28}},"29":{"start":{"line":55,"column":12},"end":{"line":55,"column":29}},"30":{"start":{"line":56,"column":12},"end":{"line":56,"column":31}},"31":{"start":{"line":57,"column":12},"end":{"line":57,"column":30}},"32":{"start":{"line":58,"column":12},"end":{"line":58,"column":28}},"33":{"start":{"line":59,"column":13},"end":{"line":59,"column":26}},"34":{"start":{"line":64,"column":15},"end":{"line":64,"column":28}},"35":{"start":{"line":65,"column":2},"end":{"line":69,"column":34}},"36":{"start":{"line":68,"column":4},"end":{"line":68,"column":13}},"37":{"start":{"line":69,"column":7},"end":{"line":69,"column":34}},"38":{"start":{"line":73,"column":2},"end":{"line":73,"column":48}},"39":{"start":{"line":76,"column":0},"end":{"line":82,"column":2}}},"fnMap":{"0":{"name":"(anonymous_0)","decl":{"start":{"line":1,"column":43},"end":{"line":1,"column":44}},"loc":{"start":{"line":1,"column":49},"end":{"line":5,"column":1}},"line":1},"1":{"name":"(anonymous_1)","decl":{"start":{"line":7,"column":43},"end":{"line":7,"column":44}},"loc":{"start":{"line":7,"column":49},"end":{"line":10,"column":1}},"line":7},"2":{"name":"(anonymous_2)","decl":{"start":{"line":12,"column":43},"end":{"line":12,"column":44}},"loc":{"start":{"line":12,"column":49},"end":{"line":29,"column":1}},"line":12},"3":{"name":"getDateString","decl":{"start":{"line":32,"column":9},"end":{"line":32,"column":22}},"loc":{"start":{"line":32,"column":31},"end":{"line":44,"column":1}},"line":32},"4":{"name":"(anonymous_4)","decl":{"start":{"line":33,"column":33},"end":{"line":33,"column":34}},"loc":{"start":{"line":33,"column":46},"end":{"line":43,"column":3}},"line":33},"5":{"name":"askInput","decl":{"start":{"line":46,"column":9},"end":{"line":46,"column":17}},"loc":{"start":{"line":46,"column":27},"end":{"line":48,"column":1}},"line":46},"6":{"name":"getWeekDay","decl":{"start":{"line":50,"column":9},"end":{"line":50,"column":19}},"loc":{"start":{"line":50,"column":25},"end":{"line":61,"column":1}},"line":50},"7":{"name":"dateComparator","decl":{"start":{"line":63,"column":9},"end":{"line":63,"column":23}},"loc":{"start":{"line":63,"column":37},"end":{"line":70,"column":1}},"line":63},"8":{"name":"getCurrentMinute","decl":{"start":{"line":72,"column":9},"end":{"line":72,"column":25}},"loc":{"start":{"line":72,"column":32},"end":{"line":74,"column":1}},"line":72}},"branchMap":{"0":{"loc":{"start":{"line":19,"column":2},"end":{"line":28,"column":3}},"type":"switch","locations":[{"start":{"line":20,"column":4},"end":{"line":22,"column":12}},{"start":{"line":23,"column":4},"end":{"line":25,"column":12}},{"start":{"line":26,"column":4},"end":{"line":27,"column":45}}],"line":19},"1":{"loc":{"start":{"line":34,"column":4},"end":{"line":35,"column":24}},"type":"if","locations":[{"start":{"line":34,"column":4},"end":{"line":35,"column":24}},{"start":{},"end":{}}],"line":34},"2":{"loc":{"start":{"line":34,"column":7},"end":{"line":34,"column":32}},"type":"binary-expr","locations":[{"start":{"line":34,"column":7},"end":{"line":34,"column":14}},{"start":{"line":34,"column":18},"end":{"line":34,"column":32}}],"line":34},"3":{"loc":{"start":{"line":37,"column":4},"end":{"line":41,"column":5}},"type":"if","locations":[{"start":{"line":37,"column":4},"end":{"line":41,"column":5}},{"start":{},"end":{}}],"line":37},"4":{"loc":{"start":{"line":37,"column":8},"end":{"line":37,"column":34}},"type":"binary-expr","locations":[{"start":{"line":37,"column":8},"end":{"line":37,"column":16}},{"start":{"line":37,"column":20},"end":{"line":37,"column":34}}],"line":37},"5":{"loc":{"start":{"line":38,"column":14},"end":{"line":40,"column":33}},"type":"cond-expr","locations":[{"start":{"line":39,"column":8},"end":{"line":39,"column":33}},{"start":{"line":40,"column":8},"end":{"line":40,"column":33}}],"line":38},"6":{"loc":{"start":{"line":51,"column":2},"end":{"line":60,"column":3}},"type":"switch","locations":[{"start":{"line":52,"column":4},"end":{"line":52,"column":30}},{"start":{"line":53,"column":4},"end":{"line":53,"column":28}},{"start":{"line":54,"column":4},"end":{"line":54,"column":28}},{"start":{"line":55,"column":4},"end":{"line":55,"column":29}},{"start":{"line":56,"column":4},"end":{"line":56,"column":31}},{"start":{"line":57,"column":4},"end":{"line":57,"column":30}},{"start":{"line":58,"column":4},"end":{"line":58,"column":28}},{"start":{"line":59,"column":4},"end":{"line":59,"column":26}}],"line":51},"7":{"loc":{"start":{"line":65,"column":2},"end":{"line":69,"column":34}},"type":"if","locations":[{"start":{"line":65,"column":2},"end":{"line":69,"column":34}},{"start":{"line":69,"column":7},"end":{"line":69,"column":34}}],"line":65},"8":{"loc":{"start":{"line":65,"column":5},"end":{"line":67,"column":46}},"type":"binary-expr","locations":[{"start":{"line":65,"column":5},"end":{"line":65,"column":37}},{"start":{"line":66,"column":4},"end":{"line":66,"column":40}},{"start":{"line":67,"column":4},"end":{"line":67,"column":46}}],"line":65},"9":{"loc":{"start":{"line":69,"column":15},"end":{"line":69,"column":32}},"type":"cond-expr","locations":[{"start":{"line":69,"column":26},"end":{"line":69,"column":27}},{"start":{"line":69,"column":30},"end":{"line":69,"column":32}}],"line":69}},"s":{"0":1,"1":0,"2":0,"3":0,"4":1,"5":0,"6":0,"7":1,"8":0,"9":0,"10":0,"11":0,"12":0,"13":0,"14":0,"15":0,"16":0,"17":0,"18":3,"19":9,"20":2,"21":7,"22":2,"23":5,"24":6,"25":5,"26":1,"27":1,"28":1,"29":1,"30":0,"31":0,"32":1,"33":0,"34":9,"35":9,"36":3,"37":6,"38":4,"39":1},"f":{"0":0,"1":0,"2":0,"3":3,"4":9,"5":6,"6":5,"7":9,"8":4},"b":{"0":[0,0,0],"1":[2,7],"2":[9,6],"3":[2,5],"4":[7,3],"5":[1,1],"6":[1,1,1,1,0,0,1,0],"7":[3,6],"8":[9,3,3],"9":[3,3]},"_coverageSchema":"1a1c01bbd47fc00a2c39e90264f33305004495a9","hash":"c231d26008dd1660c9c78b2b2100ab8387489999"}
}
