TN:
SF:script.js
FN:1,(anonymous_0)
FN:7,(anonymous_1)
FN:12,(anonymous_2)
FN:32,getDateString
FN:33,(anonymous_4)
FN:46,askInput
FN:50,getWeekDay
FN:63,dateComparator
FN:72,getCurrentMinute
FNF:9
FNH:6
FNDA:0,(anonymous_0)
FNDA:0,(anonymous_1)
FNDA:0,(anonymous_2)
FNDA:3,getDateString
FNDA:9,(anonymous_4)
FNDA:6,askInput
FNDA:5,getWeekDay
FNDA:9,dateComparator
FNDA:4,getCurrentMinute
DA:1,1
DA:2,0
DA:3,0
DA:4,0
DA:7,1
DA:8,0
DA:9,0
DA:12,1
DA:13,0
DA:14,0
DA:16,0
DA:17,0
DA:19,0
DA:21,0
DA:22,0
DA:24,0
DA:25,0
DA:27,0
DA:33,3
DA:34,9
DA:35,2
DA:37,7
DA:38,2
DA:42,5
DA:47,6
DA:51,5
DA:52,1
DA:53,1
DA:54,1
DA:55,1
DA:56,0
DA:57,0
DA:58,1
DA:59,0
DA:64,9
DA:65,9
DA:68,3
DA:69,6
DA:73,4
DA:76,1
LF:40
LH:22
BRDA:19,0,0,0
BRDA:19,0,1,0
BRDA:19,0,2,0
BRDA:34,1,0,2
BRDA:34,1,1,7
BRDA:34,2,0,9
BRDA:34,2,1,6
BRDA:37,3,0,2
BRDA:37,3,1,5
BRDA:37,4,0,7
BRDA:37,4,1,3
BRDA:38,5,0,1
BRDA:38,5,1,1
BRDA:51,6,0,1
BRDA:51,6,1,1
BRDA:51,6,2,1
BRDA:51,6,3,1
BRDA:51,6,4,0
BRDA:51,6,5,0
BRDA:51,6,6,1
BRDA:51,6,7,0
BRDA:65,7,0,3
BRDA:65,7,1,6
BRDA:65,8,0,9
BRDA:65,8,1,3
BRDA:65,8,2,3
BRDA:69,9,0,3
BRDA:69,9,1,3
BRF:28
BRH:22
end_of_record
