<?xml version="1.0" encoding="UTF-8"?>
<coverage generated="1753946715259" clover="3.2.0">
  <project timestamp="1753946715259" name="All files">
    <metrics statements="37" coveredstatements="16" conditionals="25" coveredconditionals="10" methods="11" coveredmethods="8" elements="73" coveredelements="34" complexity="0" loc="37" ncloc="37" packages="1" files="1" classes="1"/>
    <file name="script.js" path="/home/palina/otus/otus-js-hw4/hw2/script.js">
      <metrics statements="37" coveredstatements="16" conditionals="25" coveredconditionals="10" methods="11" coveredmethods="8"/>
      <line num="1" count="1" type="stmt"/>
      <line num="2" count="0" type="stmt"/>
      <line num="3" count="0" type="stmt"/>
      <line num="5" count="0" type="cond" truecount="0" falsecount="2"/>
      <line num="6" count="0" type="stmt"/>
      <line num="8" count="0" type="stmt"/>
      <line num="11" count="1" type="stmt"/>
      <line num="12" count="0" type="stmt"/>
      <line num="13" count="0" type="stmt"/>
      <line num="16" count="1" type="stmt"/>
      <line num="17" count="0" type="stmt"/>
      <line num="18" count="0" type="stmt"/>
      <line num="20" count="0" type="cond" truecount="0" falsecount="2"/>
      <line num="21" count="0" type="cond" truecount="0" falsecount="2"/>
      <line num="23" count="0" type="stmt"/>
      <line num="27" count="4" type="cond" truecount="2" falsecount="0"/>
      <line num="31" count="4" type="cond" truecount="2" falsecount="0"/>
      <line num="35" count="4" type="cond" truecount="2" falsecount="0"/>
      <line num="39" count="5" type="cond" truecount="4" falsecount="9"/>
      <line num="40" count="1" type="stmt"/>
      <line num="41" count="1" type="stmt"/>
      <line num="42" count="0" type="stmt"/>
      <line num="43" count="0" type="stmt"/>
      <line num="44" count="0" type="stmt"/>
      <line num="45" count="0" type="stmt"/>
      <line num="46" count="0" type="stmt"/>
      <line num="47" count="0" type="stmt"/>
      <line num="48" count="0" type="stmt"/>
      <line num="49" count="0" type="stmt"/>
      <line num="50" count="0" type="stmt"/>
      <line num="51" count="1" type="stmt"/>
      <line num="52" count="2" type="stmt"/>
      <line num="57" count="9" type="stmt"/>
      <line num="61" count="9" type="stmt"/>
      <line num="65" count="6" type="stmt"/>
      <line num="69" count="6" type="stmt"/>
      <line num="72" count="1" type="stmt"/>
    </file>
  </project>
</coverage>
