{"/home/palina/otus/otus-js-hw4/hw2/script.js": {"path":"/home/palina/otus/otus-js-hw4/hw2/script.js","statementMap":{"0":{"start":{"line":1,"column":0},"end":{"line":9,"column":1}},"1":{"start":{"line":2,"column":12},"end":{"line":2,"column":39}},"2":{"start":{"line":3,"column":12},"end":{"line":3,"column":39}},"3":{"start":{"line":5,"column":2},"end":{"line":8,"column":31}},"4":{"start":{"line":6,"column":4},"end":{"line":6,"column":54}},"5":{"start":{"line":8,"column":4},"end":{"line":8,"column":31}},"6":{"start":{"line":11,"column":0},"end":{"line":14,"column":1}},"7":{"start":{"line":12,"column":21},"end":{"line":12,"column":54}},"8":{"start":{"line":13,"column":2},"end":{"line":13,"column":58}},"9":{"start":{"line":16,"column":0},"end":{"line":24,"column":1}},"10":{"start":{"line":17,"column":17},"end":{"line":17,"column":46}},"11":{"start":{"line":18,"column":17},"end":{"line":18,"column":46}},"12":{"start":{"line":20,"column":2},"end":{"line":23,"column":31}},"13":{"start":{"line":21,"column":4},"end":{"line":21,"column":144}},"14":{"start":{"line":23,"column":4},"end":{"line":23,"column":31}},"15":{"start":{"line":27,"column":2},"end":{"line":27,"column":29}},"16":{"start":{"line":31,"column":2},"end":{"line":31,"column":41}},"17":{"start":{"line":35,"column":2},"end":{"line":35,"column":49}},"18":{"start":{"line":39,"column":2},"end":{"line":53,"column":3}},"19":{"start":{"line":40,"column":12},"end":{"line":40,"column":29}},"20":{"start":{"line":41,"column":12},"end":{"line":41,"column":30}},"21":{"start":{"line":42,"column":12},"end":{"line":42,"column":27}},"22":{"start":{"line":43,"column":12},"end":{"line":43,"column":27}},"23":{"start":{"line":44,"column":12},"end":{"line":44,"column":25}},"24":{"start":{"line":45,"column":12},"end":{"line":45,"column":26}},"25":{"start":{"line":46,"column":12},"end":{"line":46,"column":26}},"26":{"start":{"line":47,"column":12},"end":{"line":47,"column":28}},"27":{"start":{"line":48,"column":12},"end":{"line":48,"column":31}},"28":{"start":{"line":49,"column":13},"end":{"line":49,"column":30}},"29":{"start":{"line":50,"column":13},"end":{"line":50,"column":31}},"30":{"start":{"line":51,"column":13},"end":{"line":51,"column":31}},"31":{"start":{"line":52,"column":13},"end":{"line":52,"column":26}},"32":{"start":{"line":57,"column":2},"end":{"line":57,"column":41}},"33":{"start":{"line":61,"column":2},"end":{"line":61,"column":31}},"34":{"start":{"line":65,"column":2},"end":{"line":65,"column":74}},"35":{"start":{"line":69,"column":2},"end":{"line":69,"column":28}},"36":{"start":{"line":72,"column":0},"end":{"line":81,"column":2}}},"fnMap":{"0":{"name":"(anonymous_0)","decl":{"start":{"line":1,"column":43},"end":{"line":1,"column":44}},"loc":{"start":{"line":1,"column":49},"end":{"line":9,"column":1}},"line":1},"1":{"name":"(anonymous_1)","decl":{"start":{"line":11,"column":43},"end":{"line":11,"column":44}},"loc":{"start":{"line":11,"column":49},"end":{"line":14,"column":1}},"line":11},"2":{"name":"(anonymous_2)","decl":{"start":{"line":16,"column":43},"end":{"line":16,"column":44}},"loc":{"start":{"line":16,"column":49},"end":{"line":24,"column":1}},"line":16},"3":{"name":"calcMax","decl":{"start":{"line":26,"column":9},"end":{"line":26,"column":16}},"loc":{"start":{"line":26,"column":22},"end":{"line":28,"column":1}},"line":26},"4":{"name":"areNumbers","decl":{"start":{"line":30,"column":9},"end":{"line":30,"column":19}},"loc":{"start":{"line":30,"column":25},"end":{"line":32,"column":1}},"line":30},"5":{"name":"arePositive","decl":{"start":{"line":34,"column":9},"end":{"line":34,"column":20}},"loc":{"start":{"line":34,"column":26},"end":{"line":36,"column":1}},"line":34},"6":{"name":"getMonthName","decl":{"start":{"line":38,"column":9},"end":{"line":38,"column":21}},"loc":{"start":{"line":38,"column":26},"end":{"line":54,"column":1}},"line":38},"7":{"name":"getDiameterFromArea","decl":{"start":{"line":56,"column":9},"end":{"line":56,"column":28}},"loc":{"start":{"line":56,"column":41},"end":{"line":58,"column":1}},"line":56},"8":{"name":"getSideFromArea","decl":{"start":{"line":60,"column":9},"end":{"line":60,"column":24}},"loc":{"start":{"line":60,"column":37},"end":{"line":62,"column":1}},"line":60},"9":{"name":"isInscribed","decl":{"start":{"line":64,"column":9},"end":{"line":64,"column":20}},"loc":{"start":{"line":64,"column":46},"end":{"line":66,"column":1}},"line":64},"10":{"name":"askInput","decl":{"start":{"line":68,"column":9},"end":{"line":68,"column":17}},"loc":{"start":{"line":68,"column":27},"end":{"line":70,"column":1}},"line":68}},"branchMap":{"0":{"loc":{"start":{"line":5,"column":2},"end":{"line":8,"column":31}},"type":"if","locations":[{"start":{"line":5,"column":2},"end":{"line":8,"column":31}},{"start":{"line":8,"column":4},"end":{"line":8,"column":31}}],"line":5},"1":{"loc":{"start":{"line":20,"column":2},"end":{"line":23,"column":31}},"type":"if","locations":[{"start":{"line":20,"column":2},"end":{"line":23,"column":31}},{"start":{"line":23,"column":4},"end":{"line":23,"column":31}}],"line":20},"2":{"loc":{"start":{"line":21,"column":50},"end":{"line":21,"column":95}},"type":"cond-expr","locations":[{"start":{"line":21,"column":80},"end":{"line":21,"column":85}},{"start":{"line":21,"column":88},"end":{"line":21,"column":95}}],"line":21},"3":{"loc":{"start":{"line":27,"column":10},"end":{"line":27,"column":27}},"type":"cond-expr","locations":[{"start":{"line":27,"column":20},"end":{"line":27,"column":22}},{"start":{"line":27,"column":25},"end":{"line":27,"column":27}}],"line":27},"4":{"loc":{"start":{"line":31,"column":17},"end":{"line":31,"column":39}},"type":"binary-expr","locations":[{"start":{"line":31,"column":17},"end":{"line":31,"column":26}},{"start":{"line":31,"column":30},"end":{"line":31,"column":39}}],"line":31},"5":{"loc":{"start":{"line":35,"column":17},"end":{"line":35,"column":47}},"type":"binary-expr","locations":[{"start":{"line":35,"column":17},"end":{"line":35,"column":30}},{"start":{"line":35,"column":34},"end":{"line":35,"column":47}}],"line":35},"6":{"loc":{"start":{"line":39,"column":2},"end":{"line":53,"column":3}},"type":"switch","locations":[{"start":{"line":40,"column":4},"end":{"line":40,"column":29}},{"start":{"line":41,"column":4},"end":{"line":41,"column":30}},{"start":{"line":42,"column":4},"end":{"line":42,"column":27}},{"start":{"line":43,"column":4},"end":{"line":43,"column":27}},{"start":{"line":44,"column":4},"end":{"line":44,"column":25}},{"start":{"line":45,"column":4},"end":{"line":45,"column":26}},{"start":{"line":46,"column":4},"end":{"line":46,"column":26}},{"start":{"line":47,"column":4},"end":{"line":47,"column":28}},{"start":{"line":48,"column":4},"end":{"line":48,"column":31}},{"start":{"line":49,"column":4},"end":{"line":49,"column":30}},{"start":{"line":50,"column":4},"end":{"line":50,"column":31}},{"start":{"line":51,"column":4},"end":{"line":51,"column":31}},{"start":{"line":52,"column":4},"end":{"line":52,"column":26}}],"line":39}},"s":{"0":1,"1":0,"2":0,"3":0,"4":0,"5":0,"6":1,"7":0,"8":0,"9":1,"10":0,"11":0,"12":0,"13":0,"14":0,"15":4,"16":4,"17":4,"18":5,"19":1,"20":1,"21":0,"22":0,"23":0,"24":0,"25":0,"26":0,"27":0,"28":0,"29":0,"30":1,"31":2,"32":9,"33":9,"34":6,"35":6,"36":1},"f":{"0":0,"1":0,"2":0,"3":4,"4":4,"5":4,"6":5,"7":9,"8":9,"9":6,"10":6},"b":{"0":[0,0],"1":[0,0],"2":[0,0],"3":[2,2],"4":[4,3],"5":[4,1],"6":[1,1,0,0,0,0,0,0,0,0,0,1,2]},"_coverageSchema":"1a1c01bbd47fc00a2c39e90264f33305004495a9","hash":"868e35a256b4aacf870a40338f6a8be959dd4e37"}
}
