TN:
SF:script.js
FN:1,(anonymous_0)
FN:11,(anonymous_1)
FN:16,(anonymous_2)
FN:26,calcMax
FN:30,areNumbers
FN:34,arePositive
FN:38,getMonthName
FN:56,getDiameterFromArea
FN:60,getSideFromArea
FN:64,isInscribed
FN:68,askInput
FNF:11
FNH:8
FNDA:0,(anonymous_0)
FNDA:0,(anonymous_1)
FNDA:0,(anonymous_2)
FNDA:4,calcMax
FNDA:4,areNumbers
FNDA:4,arePositive
FNDA:5,getMonthName
FNDA:9,getDiameterFromArea
FNDA:9,getSideFromArea
FNDA:6,isInscribed
FNDA:6,askInput
DA:1,1
DA:2,0
DA:3,0
DA:5,0
DA:6,0
DA:8,0
DA:11,1
DA:12,0
DA:13,0
DA:16,1
DA:17,0
DA:18,0
DA:20,0
DA:21,0
DA:23,0
DA:27,4
DA:31,4
DA:35,4
DA:39,5
DA:40,1
DA:41,1
DA:42,0
DA:43,0
DA:44,0
DA:45,0
DA:46,0
DA:47,0
DA:48,0
DA:49,0
DA:50,0
DA:51,1
DA:52,2
DA:57,9
DA:61,9
DA:65,6
DA:69,6
DA:72,1
LF:37
LH:16
BRDA:5,0,0,0
BRDA:5,0,1,0
BRDA:20,1,0,0
BRDA:20,1,1,0
BRDA:21,2,0,0
BRDA:21,2,1,0
BRDA:27,3,0,2
BRDA:27,3,1,2
BRDA:31,4,0,4
BRDA:31,4,1,3
BRDA:35,5,0,4
BRDA:35,5,1,1
BRDA:39,6,0,1
BRDA:39,6,1,1
BRDA:39,6,2,0
BRDA:39,6,3,0
BRDA:39,6,4,0
BRDA:39,6,5,0
BRDA:39,6,6,0
BRDA:39,6,7,0
BRDA:39,6,8,0
BRDA:39,6,9,0
BRDA:39,6,10,0
BRDA:39,6,11,1
BRDA:39,6,12,2
BRF:25
BRH:10
end_of_record
