{"/home/palina/otus/otus-js-hw4/hw5/script.js": {"path":"/home/palina/otus/otus-js-hw4/hw5/script.js","statementMap":{"0":{"start":{"line":4,"column":0},"end":{"line":7,"column":1}},"1":{"start":{"line":5,"column":2},"end":{"line":5,"column":26}},"2":{"start":{"line":6,"column":2},"end":{"line":6,"column":59}},"3":{"start":{"line":9,"column":0},"end":{"line":13,"column":1}},"4":{"start":{"line":10,"column":12},"end":{"line":10,"column":45}},"5":{"start":{"line":11,"column":2},"end":{"line":11,"column":31}},"6":{"start":{"line":12,"column":2},"end":{"line":12,"column":51}},"7":{"start":{"line":15,"column":0},"end":{"line":19,"column":1}},"8":{"start":{"line":16,"column":2},"end":{"line":16,"column":30}},"9":{"start":{"line":17,"column":2},"end":{"line":17,"column":36}},"10":{"start":{"line":18,"column":2},"end":{"line":18,"column":53}},"11":{"start":{"line":21,"column":0},"end":{"line":24,"column":1}},"12":{"start":{"line":22,"column":26},"end":{"line":22,"column":31}},"13":{"start":{"line":23,"column":2},"end":{"line":23,"column":87}},"14":{"start":{"line":27,"column":2},"end":{"line":32,"column":4}},"15":{"start":{"line":30,"column":6},"end":{"line":30,"column":24}},"16":{"start":{"line":36,"column":2},"end":{"line":36,"column":28}},"17":{"start":{"line":40,"column":21},"end":{"line":40,"column":23}},"18":{"start":{"line":41,"column":2},"end":{"line":44,"column":3}},"19":{"start":{"line":42,"column":4},"end":{"line":43,"column":47}},"20":{"start":{"line":43,"column":6},"end":{"line":43,"column":47}},"21":{"start":{"line":45,"column":2},"end":{"line":45,"column":45}},"22":{"start":{"line":48,"column":0},"end":{"line":52,"column":2}}},"fnMap":{"0":{"name":"(anonymous_0)","decl":{"start":{"line":4,"column":43},"end":{"line":4,"column":44}},"loc":{"start":{"line":4,"column":49},"end":{"line":7,"column":1}},"line":4},"1":{"name":"(anonymous_1)","decl":{"start":{"line":9,"column":43},"end":{"line":9,"column":44}},"loc":{"start":{"line":9,"column":49},"end":{"line":13,"column":1}},"line":9},"2":{"name":"(anonymous_2)","decl":{"start":{"line":15,"column":43},"end":{"line":15,"column":44}},"loc":{"start":{"line":15,"column":49},"end":{"line":19,"column":1}},"line":15},"3":{"name":"(anonymous_3)","decl":{"start":{"line":21,"column":43},"end":{"line":21,"column":44}},"loc":{"start":{"line":21,"column":49},"end":{"line":24,"column":1}},"line":21},"4":{"name":"User","decl":{"start":{"line":26,"column":9},"end":{"line":26,"column":13}},"loc":{"start":{"line":26,"column":19},"end":{"line":33,"column":1}},"line":26},"5":{"name":"(anonymous_5)","decl":{"start":{"line":29,"column":4},"end":{"line":29,"column":5}},"loc":{"start":{"line":29,"column":28},"end":{"line":31,"column":5}},"line":29},"6":{"name":"askInput","decl":{"start":{"line":35,"column":9},"end":{"line":35,"column":17}},"loc":{"start":{"line":35,"column":27},"end":{"line":37,"column":1}},"line":35},"7":{"name":"showObject","decl":{"start":{"line":39,"column":9},"end":{"line":39,"column":19}},"loc":{"start":{"line":39,"column":24},"end":{"line":46,"column":1}},"line":39}},"branchMap":{"0":{"loc":{"start":{"line":42,"column":4},"end":{"line":43,"column":47}},"type":"if","locations":[{"start":{"line":42,"column":4},"end":{"line":43,"column":47}},{"start":{},"end":{}}],"line":42}},"s":{"0":1,"1":0,"2":0,"3":1,"4":0,"5":0,"6":0,"7":1,"8":0,"9":0,"10":0,"11":1,"12":0,"13":0,"14":3,"15":3,"16":6,"17":2,"18":2,"19":10,"20":5,"21":2,"22":1},"f":{"0":0,"1":0,"2":0,"3":0,"4":3,"5":3,"6":6,"7":2},"b":{"0":[5,5]},"_coverageSchema":"1a1c01bbd47fc00a2c39e90264f33305004495a9","hash":"7048645ef4bae30edf7d0ee89f8e36fd52ea5e3f"}
}
