TN:
SF:script.js
FN:4,(anonymous_0)
FN:9,(anonymous_1)
FN:15,(anonymous_2)
FN:21,(anonymous_3)
FN:26,User
FN:29,(anonymous_5)
FN:35,askInput
FN:39,showObject
FNF:8
FNH:4
FNDA:0,(anonymous_0)
FNDA:0,(anonymous_1)
FNDA:0,(anonymous_2)
FNDA:0,(anonymous_3)
FNDA:3,User
FNDA:3,(anonymous_5)
FNDA:6,askInput
FNDA:2,showObject
DA:4,1
DA:5,0
DA:6,0
DA:9,1
DA:10,0
DA:11,0
DA:12,0
DA:15,1
DA:16,0
DA:17,0
DA:18,0
DA:21,1
DA:22,0
DA:23,0
DA:27,3
DA:30,3
DA:36,6
DA:40,2
DA:41,2
DA:42,10
DA:43,5
DA:45,2
DA:48,1
LF:23
LH:13
BRDA:42,0,0,5
BRDA:42,0,1,5
BRF:2
BRH:2
end_of_record
