<?xml version="1.0" encoding="UTF-8"?>
<coverage generated="1753946754563" clover="3.2.0">
  <project timestamp="1753946754563" name="All files">
    <metrics statements="68" coveredstatements="66" conditionals="15" coveredconditionals="15" methods="14" coveredmethods="13" elements="97" coveredelements="94" complexity="0" loc="68" ncloc="68" packages="1" files="1" classes="1"/>
    <file name="script.js" path="/home/palina/otus/otus-js-hw4/hw7/script.js">
      <metrics statements="68" coveredstatements="66" conditionals="15" coveredconditionals="15" methods="14" coveredmethods="13"/>
      <line num="4" count="1" type="stmt"/>
      <line num="5" count="0" type="stmt"/>
      <line num="6" count="0" type="stmt"/>
      <line num="11" count="20" type="stmt"/>
      <line num="12" count="20" type="stmt"/>
      <line num="16" count="36" type="stmt"/>
      <line num="17" count="36" type="stmt"/>
      <line num="19" count="36" type="stmt"/>
      <line num="24" count="73" type="stmt"/>
      <line num="25" count="73" type="stmt"/>
      <line num="26" count="73" type="stmt"/>
      <line num="30" count="21" type="stmt"/>
      <line num="31" count="21" type="stmt"/>
      <line num="35" count="22" type="stmt"/>
      <line num="36" count="22" type="stmt"/>
      <line num="37" count="22" type="stmt"/>
      <line num="38" count="22" type="stmt"/>
      <line num="44" count="18" type="stmt"/>
      <line num="45" count="18" type="stmt"/>
      <line num="46" count="18" type="stmt"/>
      <line num="48" count="18" type="stmt"/>
      <line num="49" count="18" type="stmt"/>
      <line num="50" count="54" type="stmt"/>
      <line num="51" count="54" type="stmt"/>
      <line num="53" count="18" type="stmt"/>
      <line num="55" count="18" type="stmt"/>
      <line num="56" count="18" type="stmt"/>
      <line num="57" count="18" type="stmt"/>
      <line num="59" count="18" type="stmt"/>
      <line num="60" count="18" type="stmt"/>
      <line num="61" count="18" type="stmt"/>
      <line num="64" count="18" type="stmt"/>
      <line num="65" count="18" type="stmt"/>
      <line num="66" count="18" type="stmt"/>
      <line num="67" count="18" type="stmt"/>
      <line num="68" count="18" type="stmt"/>
      <line num="71" count="18" type="stmt"/>
      <line num="72" count="16" type="stmt"/>
      <line num="73" count="16" type="stmt"/>
      <line num="75" count="18" type="stmt"/>
      <line num="76" count="12" type="cond" truecount="2" falsecount="0"/>
      <line num="77" count="11" type="stmt"/>
      <line num="78" count="11" type="stmt"/>
      <line num="79" count="11" type="stmt"/>
      <line num="82" count="18" type="stmt"/>
      <line num="83" count="44" type="stmt"/>
      <line num="84" count="44" type="cond" truecount="2" falsecount="0"/>
      <line num="86" count="18" type="stmt"/>
      <line num="87" count="16" type="stmt"/>
      <line num="88" count="16" type="stmt"/>
      <line num="89" count="16" type="stmt"/>
      <line num="94" count="18" type="stmt"/>
      <line num="97" count="18" type="stmt"/>
      <line num="98" count="2" type="stmt"/>
      <line num="103" count="18" type="stmt"/>
      <line num="104" count="7" type="stmt"/>
      <line num="105" count="7" type="cond" truecount="2" falsecount="0"/>
      <line num="106" count="4" type="stmt"/>
      <line num="107" count="7" type="stmt"/>
      <line num="108" count="7" type="stmt"/>
      <line num="111" count="18" type="stmt"/>
      <line num="112" count="9" type="cond" truecount="4" falsecount="0"/>
      <line num="114" count="1" type="stmt"/>
      <line num="115" count="8" type="stmt"/>
      <line num="116" count="8" type="cond" truecount="2" falsecount="0"/>
      <line num="117" count="4" type="stmt"/>
      <line num="118" count="8" type="stmt"/>
      <line num="123" count="1" type="stmt"/>
    </file>
  </project>
</coverage>
