{"/home/palina/otus/otus-js-hw4/hw7/script.js": {"path":"/home/palina/otus/otus-js-hw4/hw7/script.js","statementMap":{"0":{"start":{"line":4,"column":0},"end":{"line":7,"column":1}},"1":{"start":{"line":5,"column":2},"end":{"line":5,"column":49}},"2":{"start":{"line":6,"column":2},"end":{"line":6,"column":31}},"3":{"start":{"line":11,"column":23},"end":{"line":11,"column":52}},"4":{"start":{"line":12,"column":2},"end":{"line":12,"column":22}},"5":{"start":{"line":16,"column":19},"end":{"line":16,"column":49}},"6":{"start":{"line":17,"column":2},"end":{"line":17,"column":31}},"7":{"start":{"line":19,"column":2},"end":{"line":19,"column":18}},"8":{"start":{"line":24,"column":24},"end":{"line":24,"column":51}},"9":{"start":{"line":25,"column":2},"end":{"line":25,"column":36}},"10":{"start":{"line":26,"column":2},"end":{"line":26,"column":23}},"11":{"start":{"line":30,"column":19},"end":{"line":30,"column":50}},"12":{"start":{"line":31,"column":2},"end":{"line":31,"column":18}},"13":{"start":{"line":35,"column":20},"end":{"line":35,"column":52}},"14":{"start":{"line":36,"column":2},"end":{"line":36,"column":34}},"15":{"start":{"line":37,"column":2},"end":{"line":37,"column":26}},"16":{"start":{"line":38,"column":2},"end":{"line":38,"column":19}},"17":{"start":{"line":44,"column":20},"end":{"line":44,"column":43}},"18":{"start":{"line":45,"column":16},"end":{"line":45,"column":52}},"19":{"start":{"line":46,"column":2},"end":{"line":46,"column":26}},"20":{"start":{"line":48,"column":21},"end":{"line":48,"column":23}},"21":{"start":{"line":49,"column":2},"end":{"line":52,"column":3}},"22":{"start":{"line":49,"column":14},"end":{"line":49,"column":15}},"23":{"start":{"line":50,"column":4},"end":{"line":50,"column":65}},"24":{"start":{"line":51,"column":4},"end":{"line":51,"column":36}},"25":{"start":{"line":53,"column":16},"end":{"line":53,"column":29}},"26":{"start":{"line":55,"column":2},"end":{"line":55,"column":32}},"27":{"start":{"line":56,"column":2},"end":{"line":56,"column":37}},"28":{"start":{"line":57,"column":17},"end":{"line":57,"column":54}},"29":{"start":{"line":59,"column":2},"end":{"line":59,"column":26}},"30":{"start":{"line":60,"column":2},"end":{"line":60,"column":27}},"31":{"start":{"line":61,"column":2},"end":{"line":61,"column":34}},"32":{"start":{"line":64,"column":2},"end":{"line":64,"column":29}},"33":{"start":{"line":65,"column":2},"end":{"line":65,"column":21}},"34":{"start":{"line":66,"column":2},"end":{"line":66,"column":31}},"35":{"start":{"line":67,"column":2},"end":{"line":67,"column":21}},"36":{"start":{"line":68,"column":2},"end":{"line":68,"column":23}},"37":{"start":{"line":71,"column":2},"end":{"line":74,"column":4}},"38":{"start":{"line":72,"column":4},"end":{"line":72,"column":26}},"39":{"start":{"line":73,"column":4},"end":{"line":73,"column":30}},"40":{"start":{"line":75,"column":2},"end":{"line":81,"column":4}},"41":{"start":{"line":76,"column":4},"end":{"line":80,"column":5}},"42":{"start":{"line":77,"column":19},"end":{"line":77,"column":37}},"43":{"start":{"line":78,"column":6},"end":{"line":78,"column":30}},"44":{"start":{"line":79,"column":6},"end":{"line":79,"column":20}},"45":{"start":{"line":82,"column":2},"end":{"line":85,"column":4}},"46":{"start":{"line":83,"column":20},"end":{"line":83,"column":43}},"47":{"start":{"line":84,"column":4},"end":{"line":84,"column":46}},"48":{"start":{"line":86,"column":2},"end":{"line":90,"column":4}},"49":{"start":{"line":87,"column":17},"end":{"line":87,"column":51}},"50":{"start":{"line":88,"column":4},"end":{"line":88,"column":31}},"51":{"start":{"line":89,"column":4},"end":{"line":89,"column":28}},"52":{"start":{"line":94,"column":2},"end":{"line":94,"column":21}},"53":{"start":{"line":97,"column":2},"end":{"line":99,"column":5}},"54":{"start":{"line":98,"column":4},"end":{"line":98,"column":44}},"55":{"start":{"line":103,"column":2},"end":{"line":109,"column":5}},"56":{"start":{"line":104,"column":4},"end":{"line":104,"column":41}},"57":{"start":{"line":105,"column":4},"end":{"line":106,"column":34}},"58":{"start":{"line":106,"column":6},"end":{"line":106,"column":34}},"59":{"start":{"line":107,"column":4},"end":{"line":107,"column":22}},"60":{"start":{"line":108,"column":4},"end":{"line":108,"column":23}},"61":{"start":{"line":111,"column":2},"end":{"line":119,"column":5}},"62":{"start":{"line":112,"column":4},"end":{"line":114,"column":13}},"63":{"start":{"line":114,"column":6},"end":{"line":114,"column":13}},"64":{"start":{"line":115,"column":4},"end":{"line":115,"column":41}},"65":{"start":{"line":116,"column":4},"end":{"line":117,"column":34}},"66":{"start":{"line":117,"column":6},"end":{"line":117,"column":34}},"67":{"start":{"line":118,"column":4},"end":{"line":118,"column":22}},"68":{"start":{"line":123,"column":0},"end":{"line":130,"column":2}}},"fnMap":{"0":{"name":"(anonymous_0)","decl":{"start":{"line":4,"column":43},"end":{"line":4,"column":44}},"loc":{"start":{"line":4,"column":49},"end":{"line":7,"column":1}},"line":4},"1":{"name":"createGlobalContainer","decl":{"start":{"line":10,"column":9},"end":{"line":10,"column":30}},"loc":{"start":{"line":10,"column":32},"end":{"line":13,"column":1}},"line":10},"2":{"name":"createTitle","decl":{"start":{"line":15,"column":9},"end":{"line":15,"column":20}},"loc":{"start":{"line":15,"column":51},"end":{"line":20,"column":1}},"line":15},"3":{"name":"createParagraph","decl":{"start":{"line":23,"column":9},"end":{"line":23,"column":24}},"loc":{"start":{"line":23,"column":49},"end":{"line":27,"column":1}},"line":23},"4":{"name":"createInput","decl":{"start":{"line":29,"column":9},"end":{"line":29,"column":20}},"loc":{"start":{"line":29,"column":22},"end":{"line":32,"column":1}},"line":29},"5":{"name":"createHiddenButton","decl":{"start":{"line":34,"column":9},"end":{"line":34,"column":27}},"loc":{"start":{"line":34,"column":49},"end":{"line":39,"column":1}},"line":34},"6":{"name":"InitialForm","decl":{"start":{"line":42,"column":9},"end":{"line":42,"column":20}},"loc":{"start":{"line":42,"column":22},"end":{"line":120,"column":1}},"line":42},"7":{"name":"(anonymous_7)","decl":{"start":{"line":71,"column":20},"end":{"line":71,"column":21}},"loc":{"start":{"line":71,"column":26},"end":{"line":74,"column":3}},"line":71},"8":{"name":"(anonymous_8)","decl":{"start":{"line":75,"column":30},"end":{"line":75,"column":31}},"loc":{"start":{"line":75,"column":36},"end":{"line":81,"column":3}},"line":75},"9":{"name":"(anonymous_9)","decl":{"start":{"line":82,"column":20},"end":{"line":82,"column":21}},"loc":{"start":{"line":82,"column":26},"end":{"line":85,"column":3}},"line":82},"10":{"name":"(anonymous_10)","decl":{"start":{"line":86,"column":22},"end":{"line":86,"column":23}},"loc":{"start":{"line":86,"column":28},"end":{"line":90,"column":3}},"line":86},"11":{"name":"(anonymous_11)","decl":{"start":{"line":97,"column":39},"end":{"line":97,"column":40}},"loc":{"start":{"line":97,"column":45},"end":{"line":99,"column":3}},"line":97},"12":{"name":"(anonymous_12)","decl":{"start":{"line":103,"column":40},"end":{"line":103,"column":41}},"loc":{"start":{"line":103,"column":46},"end":{"line":109,"column":3}},"line":103},"13":{"name":"(anonymous_13)","decl":{"start":{"line":111,"column":41},"end":{"line":111,"column":42}},"loc":{"start":{"line":111,"column":52},"end":{"line":119,"column":3}},"line":111}},"branchMap":{"0":{"loc":{"start":{"line":15,"column":25},"end":{"line":15,"column":50}},"type":"default-arg","locations":[{"start":{"line":15,"column":35},"end":{"line":15,"column":50}}],"line":15},"1":{"loc":{"start":{"line":23,"column":25},"end":{"line":23,"column":48}},"type":"default-arg","locations":[{"start":{"line":23,"column":35},"end":{"line":23,"column":48}}],"line":23},"2":{"loc":{"start":{"line":34,"column":28},"end":{"line":34,"column":48}},"type":"default-arg","locations":[{"start":{"line":34,"column":38},"end":{"line":34,"column":48}}],"line":34},"3":{"loc":{"start":{"line":76,"column":4},"end":{"line":80,"column":5}},"type":"if","locations":[{"start":{"line":76,"column":4},"end":{"line":80,"column":5}},{"start":{},"end":{}}],"line":76},"4":{"loc":{"start":{"line":84,"column":12},"end":{"line":84,"column":44}},"type":"cond-expr","locations":[{"start":{"line":84,"column":30},"end":{"line":84,"column":37}},{"start":{"line":84,"column":40},"end":{"line":84,"column":44}}],"line":84},"5":{"loc":{"start":{"line":105,"column":4},"end":{"line":106,"column":34}},"type":"if","locations":[{"start":{"line":105,"column":4},"end":{"line":106,"column":34}},{"start":{},"end":{}}],"line":105},"6":{"loc":{"start":{"line":112,"column":4},"end":{"line":114,"column":13}},"type":"if","locations":[{"start":{"line":112,"column":4},"end":{"line":114,"column":13}},{"start":{},"end":{}}],"line":112},"7":{"loc":{"start":{"line":112,"column":7},"end":{"line":113,"column":27}},"type":"binary-expr","locations":[{"start":{"line":112,"column":7},"end":{"line":112,"column":27}},{"start":{"line":113,"column":9},"end":{"line":113,"column":27}}],"line":112},"8":{"loc":{"start":{"line":116,"column":4},"end":{"line":117,"column":34}},"type":"if","locations":[{"start":{"line":116,"column":4},"end":{"line":117,"column":34}},{"start":{},"end":{}}],"line":116}},"s":{"0":1,"1":0,"2":0,"3":20,"4":20,"5":36,"6":36,"7":36,"8":73,"9":73,"10":73,"11":21,"12":21,"13":22,"14":22,"15":22,"16":22,"17":18,"18":18,"19":18,"20":18,"21":18,"22":18,"23":54,"24":54,"25":18,"26":18,"27":18,"28":18,"29":18,"30":18,"31":18,"32":18,"33":18,"34":18,"35":18,"36":18,"37":18,"38":16,"39":16,"40":18,"41":12,"42":11,"43":11,"44":11,"45":18,"46":44,"47":44,"48":18,"49":16,"50":16,"51":16,"52":18,"53":18,"54":2,"55":18,"56":7,"57":7,"58":4,"59":7,"60":7,"61":18,"62":9,"63":1,"64":8,"65":8,"66":4,"67":8,"68":1},"f":{"0":0,"1":20,"2":36,"3":73,"4":21,"5":22,"6":18,"7":16,"8":12,"9":44,"10":16,"11":2,"12":7,"13":9},"b":{"0":[12],"1":[2],"2":[3],"3":[11,1],"4":[41,3],"5":[4,3],"6":[1,8],"7":[9,9],"8":[4,4]},"_coverageSchema":"1a1c01bbd47fc00a2c39e90264f33305004495a9","hash":"2bff5ecf3749c40bd2746c81a6d0b5feb50f3bbf"}
}
