TN:
SF:script.js
FN:4,(anonymous_0)
FN:10,createGlobalContainer
FN:15,createTitle
FN:23,createParagraph
FN:29,createInput
FN:34,createHiddenButton
FN:42,InitialForm
FN:71,(anonymous_7)
FN:75,(anonymous_8)
FN:82,(anonymous_9)
FN:86,(anonymous_10)
FN:97,(anonymous_11)
FN:103,(anonymous_12)
FN:111,(anonymous_13)
FNF:14
FNH:13
FNDA:0,(anonymous_0)
FNDA:20,createGlobalContainer
FNDA:36,createTitle
FNDA:73,createParagraph
FNDA:21,createInput
FNDA:22,createHiddenButton
FNDA:18,InitialForm
FNDA:16,(anonymous_7)
FNDA:12,(anonymous_8)
FNDA:44,(anonymous_9)
FNDA:16,(anonymous_10)
FNDA:2,(anonymous_11)
FNDA:7,(anonymous_12)
FNDA:9,(anonymous_13)
DA:4,1
DA:5,0
DA:6,0
DA:11,20
DA:12,20
DA:16,36
DA:17,36
DA:19,36
DA:24,73
DA:25,73
DA:26,73
DA:30,21
DA:31,21
DA:35,22
DA:36,22
DA:37,22
DA:38,22
DA:44,18
DA:45,18
DA:46,18
DA:48,18
DA:49,18
DA:50,54
DA:51,54
DA:53,18
DA:55,18
DA:56,18
DA:57,18
DA:59,18
DA:60,18
DA:61,18
DA:64,18
DA:65,18
DA:66,18
DA:67,18
DA:68,18
DA:71,18
DA:72,16
DA:73,16
DA:75,18
DA:76,12
DA:77,11
DA:78,11
DA:79,11
DA:82,18
DA:83,44
DA:84,44
DA:86,18
DA:87,16
DA:88,16
DA:89,16
DA:94,18
DA:97,18
DA:98,2
DA:103,18
DA:104,7
DA:105,7
DA:106,4
DA:107,7
DA:108,7
DA:111,18
DA:112,9
DA:114,1
DA:115,8
DA:116,8
DA:117,4
DA:118,8
DA:123,1
LF:68
LH:66
BRDA:15,0,0,12
BRDA:23,1,0,2
BRDA:34,2,0,3
BRDA:76,3,0,11
BRDA:76,3,1,1
BRDA:84,4,0,41
BRDA:84,4,1,3
BRDA:105,5,0,4
BRDA:105,5,1,3
BRDA:112,6,0,1
BRDA:112,6,1,8
BRDA:112,7,0,9
BRDA:112,7,1,9
BRDA:116,8,0,4
BRDA:116,8,1,4
BRF:15
BRH:15
end_of_record
