{"/home/palina/otus/otus-js-hw4/hw9/script.js": {"path":"/home/palina/otus/otus-js-hw4/hw9/script.js","statementMap":{"0":{"start":{"line":1,"column":0},"end":{"line":16,"column":1}},"1":{"start":{"line":2,"column":14},"end":{"line":2,"column":47}},"2":{"start":{"line":3,"column":16},"end":{"line":3,"column":38}},"3":{"start":{"line":4,"column":2},"end":{"line":15,"column":3}},"4":{"start":{"line":5,"column":4},"end":{"line":5,"column":34}},"5":{"start":{"line":7,"column":22},"end":{"line":7,"column":27}},"6":{"start":{"line":9,"column":4},"end":{"line":14,"column":68}},"7":{"start":{"line":10,"column":6},"end":{"line":10,"column":66}},"8":{"start":{"line":11,"column":9},"end":{"line":14,"column":68}},"9":{"start":{"line":12,"column":6},"end":{"line":12,"column":72}},"10":{"start":{"line":14,"column":6},"end":{"line":14,"column":68}},"11":{"start":{"line":18,"column":0},"end":{"line":24,"column":1}},"12":{"start":{"line":19,"column":12},"end":{"line":19,"column":44}},"13":{"start":{"line":20,"column":2},"end":{"line":23,"column":114}},"14":{"start":{"line":21,"column":4},"end":{"line":21,"column":34}},"15":{"start":{"line":23,"column":4},"end":{"line":23,"column":114}},"16":{"start":{"line":26,"column":0},"end":{"line":36,"column":1}},"17":{"start":{"line":27,"column":14},"end":{"line":27,"column":72}},"18":{"start":{"line":28,"column":23},"end":{"line":28,"column":45}},"19":{"start":{"line":29,"column":2},"end":{"line":35,"column":3}},"20":{"start":{"line":30,"column":4},"end":{"line":30,"column":34}},"21":{"start":{"line":32,"column":20},"end":{"line":32,"column":32}},"22":{"start":{"line":34,"column":4},"end":{"line":34,"column":119}},"23":{"start":{"line":39,"column":18},"end":{"line":39,"column":108}},"24":{"start":{"line":39,"column":48},"end":{"line":39,"column":57}},"25":{"start":{"line":39,"column":74},"end":{"line":39,"column":82}},"26":{"start":{"line":39,"column":97},"end":{"line":39,"column":107}},"27":{"start":{"line":40,"column":2},"end":{"line":40,"column":17}},"28":{"start":{"line":44,"column":14},"end":{"line":44,"column":31}},"29":{"start":{"line":45,"column":14},"end":{"line":45,"column":31}},"30":{"start":{"line":47,"column":2},"end":{"line":48,"column":17}},"31":{"start":{"line":48,"column":4},"end":{"line":48,"column":17}},"32":{"start":{"line":49,"column":2},"end":{"line":50,"column":17}},"33":{"start":{"line":50,"column":4},"end":{"line":50,"column":17}},"34":{"start":{"line":52,"column":2},"end":{"line":52,"column":14}},"35":{"start":{"line":56,"column":14},"end":{"line":56,"column":31}},"36":{"start":{"line":57,"column":14},"end":{"line":57,"column":31}},"37":{"start":{"line":59,"column":2},"end":{"line":60,"column":17}},"38":{"start":{"line":60,"column":4},"end":{"line":60,"column":17}},"39":{"start":{"line":62,"column":2},"end":{"line":62,"column":42}},"40":{"start":{"line":66,"column":2},"end":{"line":66,"column":21}},"41":{"start":{"line":70,"column":2},"end":{"line":70,"column":21}},"42":{"start":{"line":74,"column":2},"end":{"line":74,"column":20}},"43":{"start":{"line":78,"column":2},"end":{"line":79,"column":35}},"44":{"start":{"line":79,"column":4},"end":{"line":79,"column":35}},"45":{"start":{"line":81,"column":17},"end":{"line":81,"column":19}},"46":{"start":{"line":83,"column":2},"end":{"line":88,"column":27}},"47":{"start":{"line":84,"column":4},"end":{"line":84,"column":22}},"48":{"start":{"line":85,"column":7},"end":{"line":88,"column":27}},"49":{"start":{"line":86,"column":4},"end":{"line":86,"column":23}},"50":{"start":{"line":88,"column":4},"end":{"line":88,"column":27}},"51":{"start":{"line":90,"column":2},"end":{"line":95,"column":31}},"52":{"start":{"line":91,"column":4},"end":{"line":91,"column":21}},"53":{"start":{"line":92,"column":7},"end":{"line":95,"column":31}},"54":{"start":{"line":93,"column":4},"end":{"line":93,"column":28}},"55":{"start":{"line":95,"column":4},"end":{"line":95,"column":31}},"56":{"start":{"line":97,"column":2},"end":{"line":97,"column":23}},"57":{"start":{"line":98,"column":2},"end":{"line":98,"column":27}},"58":{"start":{"line":102,"column":2},"end":{"line":103,"column":36}},"59":{"start":{"line":103,"column":4},"end":{"line":103,"column":36}},"60":{"start":{"line":105,"column":17},"end":{"line":105,"column":19}},"61":{"start":{"line":107,"column":2},"end":{"line":112,"column":29}},"62":{"start":{"line":108,"column":4},"end":{"line":108,"column":24}},"63":{"start":{"line":109,"column":7},"end":{"line":112,"column":29}},"64":{"start":{"line":110,"column":4},"end":{"line":110,"column":25}},"65":{"start":{"line":112,"column":4},"end":{"line":112,"column":29}},"66":{"start":{"line":114,"column":2},"end":{"line":123,"column":38}},"67":{"start":{"line":115,"column":4},"end":{"line":115,"column":21}},"68":{"start":{"line":116,"column":7},"end":{"line":123,"column":38}},"69":{"start":{"line":117,"column":4},"end":{"line":117,"column":25}},"70":{"start":{"line":118,"column":7},"end":{"line":123,"column":38}},"71":{"start":{"line":119,"column":4},"end":{"line":119,"column":25}},"72":{"start":{"line":120,"column":7},"end":{"line":123,"column":38}},"73":{"start":{"line":121,"column":4},"end":{"line":121,"column":35}},"74":{"start":{"line":123,"column":4},"end":{"line":123,"column":38}},"75":{"start":{"line":125,"column":2},"end":{"line":130,"column":31}},"76":{"start":{"line":126,"column":4},"end":{"line":126,"column":21}},"77":{"start":{"line":127,"column":7},"end":{"line":130,"column":31}},"78":{"start":{"line":128,"column":4},"end":{"line":128,"column":28}},"79":{"start":{"line":130,"column":4},"end":{"line":130,"column":31}},"80":{"start":{"line":132,"column":2},"end":{"line":132,"column":23}},"81":{"start":{"line":133,"column":2},"end":{"line":133,"column":27}},"82":{"start":{"line":137,"column":2},"end":{"line":137,"column":39}},"83":{"start":{"line":141,"column":2},"end":{"line":142,"column":36}},"84":{"start":{"line":142,"column":4},"end":{"line":142,"column":36}},"85":{"start":{"line":144,"column":2},"end":{"line":144,"column":19}},"86":{"start":{"line":148,"column":2},"end":{"line":149,"column":37}},"87":{"start":{"line":149,"column":4},"end":{"line":149,"column":37}},"88":{"start":{"line":151,"column":12},"end":{"line":151,"column":23}},"89":{"start":{"line":153,"column":2},"end":{"line":161,"column":6}},"90":{"start":{"line":154,"column":4},"end":{"line":154,"column":14}},"91":{"start":{"line":155,"column":7},"end":{"line":161,"column":6}},"92":{"start":{"line":156,"column":4},"end":{"line":156,"column":30}},"93":{"start":{"line":157,"column":7},"end":{"line":161,"column":6}},"94":{"start":{"line":158,"column":4},"end":{"line":161,"column":6}},"95":{"start":{"line":166,"column":2},"end":{"line":167,"column":18}},"96":{"start":{"line":167,"column":4},"end":{"line":167,"column":18}},"97":{"start":{"line":169,"column":14},"end":{"line":169,"column":91}},"98":{"start":{"line":169,"column":46},"end":{"line":169,"column":79}},"99":{"start":{"line":171,"column":2},"end":{"line":171,"column":38}},"100":{"start":{"line":175,"column":2},"end":{"line":175,"column":28}},"101":{"start":{"line":178,"column":0},"end":{"line":192,"column":2}}},"fnMap":{"0":{"name":"(anonymous_0)","decl":{"start":{"line":1,"column":43},"end":{"line":1,"column":44}},"loc":{"start":{"line":1,"column":49},"end":{"line":16,"column":1}},"line":1},"1":{"name":"(anonymous_1)","decl":{"start":{"line":18,"column":43},"end":{"line":18,"column":44}},"loc":{"start":{"line":18,"column":49},"end":{"line":24,"column":1}},"line":18},"2":{"name":"(anonymous_2)","decl":{"start":{"line":26,"column":43},"end":{"line":26,"column":44}},"loc":{"start":{"line":26,"column":49},"end":{"line":36,"column":1}},"line":26},"3":{"name":"getNumbersFromStr","decl":{"start":{"line":38,"column":9},"end":{"line":38,"column":26}},"loc":{"start":{"line":38,"column":33},"end":{"line":41,"column":1}},"line":38},"4":{"name":"(anonymous_4)","decl":{"start":{"line":39,"column":40},"end":{"line":39,"column":41}},"loc":{"start":{"line":39,"column":48},"end":{"line":39,"column":57}},"line":39},"5":{"name":"(anonymous_5)","decl":{"start":{"line":39,"column":67},"end":{"line":39,"column":68}},"loc":{"start":{"line":39,"column":74},"end":{"line":39,"column":82}},"line":39},"6":{"name":"(anonymous_6)","decl":{"start":{"line":39,"column":89},"end":{"line":39,"column":90}},"loc":{"start":{"line":39,"column":97},"end":{"line":39,"column":107}},"line":39},"7":{"name":"isTriangle","decl":{"start":{"line":43,"column":9},"end":{"line":43,"column":19}},"loc":{"start":{"line":43,"column":29},"end":{"line":53,"column":1}},"line":43},"8":{"name":"isRightTriangle","decl":{"start":{"line":55,"column":9},"end":{"line":55,"column":24}},"loc":{"start":{"line":55,"column":34},"end":{"line":63,"column":1}},"line":55},"9":{"name":"calcCircleArea","decl":{"start":{"line":65,"column":9},"end":{"line":65,"column":23}},"loc":{"start":{"line":65,"column":27},"end":{"line":67,"column":1}},"line":65},"10":{"name":"calcCircleLength","decl":{"start":{"line":69,"column":9},"end":{"line":69,"column":25}},"loc":{"start":{"line":69,"column":29},"end":{"line":71,"column":1}},"line":69},"11":{"name":"showConstantEquation","decl":{"start":{"line":73,"column":9},"end":{"line":73,"column":29}},"loc":{"start":{"line":73,"column":34},"end":{"line":75,"column":1}},"line":73},"12":{"name":"showLinearEquation","decl":{"start":{"line":77,"column":9},"end":{"line":77,"column":27}},"loc":{"start":{"line":77,"column":35},"end":{"line":99,"column":1}},"line":77},"13":{"name":"showSquareEquation","decl":{"start":{"line":101,"column":9},"end":{"line":101,"column":27}},"loc":{"start":{"line":101,"column":38},"end":{"line":134,"column":1}},"line":101},"14":{"name":"solveConstantEquation","decl":{"start":{"line":136,"column":9},"end":{"line":136,"column":30}},"loc":{"start":{"line":136,"column":34},"end":{"line":138,"column":1}},"line":136},"15":{"name":"solveLinearEquation","decl":{"start":{"line":140,"column":9},"end":{"line":140,"column":28}},"loc":{"start":{"line":140,"column":35},"end":{"line":145,"column":1}},"line":140},"16":{"name":"solveSquareEquation","decl":{"start":{"line":147,"column":9},"end":{"line":147,"column":28}},"loc":{"start":{"line":147,"column":38},"end":{"line":162,"column":1}},"line":147},"17":{"name":"showSolutions","decl":{"start":{"line":164,"column":9},"end":{"line":164,"column":22}},"loc":{"start":{"line":164,"column":28},"end":{"line":172,"column":1}},"line":164},"18":{"name":"(anonymous_18)","decl":{"start":{"line":169,"column":38},"end":{"line":169,"column":39}},"loc":{"start":{"line":169,"column":46},"end":{"line":169,"column":79}},"line":169},"19":{"name":"askInput","decl":{"start":{"line":174,"column":9},"end":{"line":174,"column":17}},"loc":{"start":{"line":174,"column":27},"end":{"line":176,"column":1}},"line":174}},"branchMap":{"0":{"loc":{"start":{"line":4,"column":2},"end":{"line":15,"column":3}},"type":"if","locations":[{"start":{"line":4,"column":2},"end":{"line":15,"column":3}},{"start":{"line":6,"column":7},"end":{"line":15,"column":3}}],"line":4},"1":{"loc":{"start":{"line":9,"column":4},"end":{"line":14,"column":68}},"type":"if","locations":[{"start":{"line":9,"column":4},"end":{"line":14,"column":68}},{"start":{"line":11,"column":9},"end":{"line":14,"column":68}}],"line":9},"2":{"loc":{"start":{"line":11,"column":9},"end":{"line":14,"column":68}},"type":"if","locations":[{"start":{"line":11,"column":9},"end":{"line":14,"column":68}},{"start":{"line":14,"column":6},"end":{"line":14,"column":68}}],"line":11},"3":{"loc":{"start":{"line":20,"column":2},"end":{"line":23,"column":114}},"type":"if","locations":[{"start":{"line":20,"column":2},"end":{"line":23,"column":114}},{"start":{"line":23,"column":4},"end":{"line":23,"column":114}}],"line":20},"4":{"loc":{"start":{"line":29,"column":2},"end":{"line":35,"column":3}},"type":"if","locations":[{"start":{"line":29,"column":2},"end":{"line":35,"column":3}},{"start":{"line":31,"column":7},"end":{"line":35,"column":3}}],"line":29},"5":{"loc":{"start":{"line":47,"column":2},"end":{"line":48,"column":17}},"type":"if","locations":[{"start":{"line":47,"column":2},"end":{"line":48,"column":17}},{"start":{},"end":{}}],"line":47},"6":{"loc":{"start":{"line":49,"column":2},"end":{"line":50,"column":17}},"type":"if","locations":[{"start":{"line":49,"column":2},"end":{"line":50,"column":17}},{"start":{},"end":{}}],"line":49},"7":{"loc":{"start":{"line":59,"column":2},"end":{"line":60,"column":17}},"type":"if","locations":[{"start":{"line":59,"column":2},"end":{"line":60,"column":17}},{"start":{},"end":{}}],"line":59},"8":{"loc":{"start":{"line":78,"column":2},"end":{"line":79,"column":35}},"type":"if","locations":[{"start":{"line":78,"column":2},"end":{"line":79,"column":35}},{"start":{},"end":{}}],"line":78},"9":{"loc":{"start":{"line":83,"column":2},"end":{"line":88,"column":27}},"type":"if","locations":[{"start":{"line":83,"column":2},"end":{"line":88,"column":27}},{"start":{"line":85,"column":7},"end":{"line":88,"column":27}}],"line":83},"10":{"loc":{"start":{"line":85,"column":7},"end":{"line":88,"column":27}},"type":"if","locations":[{"start":{"line":85,"column":7},"end":{"line":88,"column":27}},{"start":{"line":88,"column":4},"end":{"line":88,"column":27}}],"line":85},"11":{"loc":{"start":{"line":90,"column":2},"end":{"line":95,"column":31}},"type":"if","locations":[{"start":{"line":90,"column":2},"end":{"line":95,"column":31}},{"start":{"line":92,"column":7},"end":{"line":95,"column":31}}],"line":90},"12":{"loc":{"start":{"line":92,"column":7},"end":{"line":95,"column":31}},"type":"if","locations":[{"start":{"line":92,"column":7},"end":{"line":95,"column":31}},{"start":{"line":95,"column":4},"end":{"line":95,"column":31}}],"line":92},"13":{"loc":{"start":{"line":102,"column":2},"end":{"line":103,"column":36}},"type":"if","locations":[{"start":{"line":102,"column":2},"end":{"line":103,"column":36}},{"start":{},"end":{}}],"line":102},"14":{"loc":{"start":{"line":107,"column":2},"end":{"line":112,"column":29}},"type":"if","locations":[{"start":{"line":107,"column":2},"end":{"line":112,"column":29}},{"start":{"line":109,"column":7},"end":{"line":112,"column":29}}],"line":107},"15":{"loc":{"start":{"line":109,"column":7},"end":{"line":112,"column":29}},"type":"if","locations":[{"start":{"line":109,"column":7},"end":{"line":112,"column":29}},{"start":{"line":112,"column":4},"end":{"line":112,"column":29}}],"line":109},"16":{"loc":{"start":{"line":114,"column":2},"end":{"line":123,"column":38}},"type":"if","locations":[{"start":{"line":114,"column":2},"end":{"line":123,"column":38}},{"start":{"line":116,"column":7},"end":{"line":123,"column":38}}],"line":114},"17":{"loc":{"start":{"line":116,"column":7},"end":{"line":123,"column":38}},"type":"if","locations":[{"start":{"line":116,"column":7},"end":{"line":123,"column":38}},{"start":{"line":118,"column":7},"end":{"line":123,"column":38}}],"line":116},"18":{"loc":{"start":{"line":118,"column":7},"end":{"line":123,"column":38}},"type":"if","locations":[{"start":{"line":118,"column":7},"end":{"line":123,"column":38}},{"start":{"line":120,"column":7},"end":{"line":123,"column":38}}],"line":118},"19":{"loc":{"start":{"line":120,"column":7},"end":{"line":123,"column":38}},"type":"if","locations":[{"start":{"line":120,"column":7},"end":{"line":123,"column":38}},{"start":{"line":123,"column":4},"end":{"line":123,"column":38}}],"line":120},"20":{"loc":{"start":{"line":125,"column":2},"end":{"line":130,"column":31}},"type":"if","locations":[{"start":{"line":125,"column":2},"end":{"line":130,"column":31}},{"start":{"line":127,"column":7},"end":{"line":130,"column":31}}],"line":125},"21":{"loc":{"start":{"line":127,"column":7},"end":{"line":130,"column":31}},"type":"if","locations":[{"start":{"line":127,"column":7},"end":{"line":130,"column":31}},{"start":{"line":130,"column":4},"end":{"line":130,"column":31}}],"line":127},"22":{"loc":{"start":{"line":137,"column":10},"end":{"line":137,"column":37}},"type":"cond-expr","locations":[{"start":{"line":137,"column":14},"end":{"line":137,"column":16}},{"start":{"line":137,"column":19},"end":{"line":137,"column":37}}],"line":137},"23":{"loc":{"start":{"line":141,"column":2},"end":{"line":142,"column":36}},"type":"if","locations":[{"start":{"line":141,"column":2},"end":{"line":142,"column":36}},{"start":{},"end":{}}],"line":141},"24":{"loc":{"start":{"line":148,"column":2},"end":{"line":149,"column":37}},"type":"if","locations":[{"start":{"line":148,"column":2},"end":{"line":149,"column":37}},{"start":{},"end":{}}],"line":148},"25":{"loc":{"start":{"line":153,"column":2},"end":{"line":161,"column":6}},"type":"if","locations":[{"start":{"line":153,"column":2},"end":{"line":161,"column":6}},{"start":{"line":155,"column":7},"end":{"line":161,"column":6}}],"line":153},"26":{"loc":{"start":{"line":155,"column":7},"end":{"line":161,"column":6}},"type":"if","locations":[{"start":{"line":155,"column":7},"end":{"line":161,"column":6}},{"start":{"line":157,"column":7},"end":{"line":161,"column":6}}],"line":155},"27":{"loc":{"start":{"line":157,"column":7},"end":{"line":161,"column":6}},"type":"if","locations":[{"start":{"line":157,"column":7},"end":{"line":161,"column":6}},{"start":{},"end":{}}],"line":157},"28":{"loc":{"start":{"line":166,"column":2},"end":{"line":167,"column":18}},"type":"if","locations":[{"start":{"line":166,"column":2},"end":{"line":167,"column":18}},{"start":{},"end":{}}],"line":166},"29":{"loc":{"start":{"line":171,"column":10},"end":{"line":171,"column":36}},"type":"cond-expr","locations":[{"start":{"line":171,"column":16},"end":{"line":171,"column":19}},{"start":{"line":171,"column":22},"end":{"line":171,"column":36}}],"line":171}},"s":{"0":1,"1":0,"2":0,"3":0,"4":0,"5":0,"6":0,"7":0,"8":0,"9":0,"10":0,"11":1,"12":0,"13":0,"14":0,"15":0,"16":1,"17":0,"18":0,"19":0,"20":0,"21":0,"22":0,"23":12,"24":62,"25":30,"26":30,"27":12,"28":48,"29":48,"30":48,"31":18,"32":30,"33":12,"34":18,"35":30,"36":30,"37":30,"38":12,"39":18,"40":3,"41":3,"42":8,"43":14,"44":2,"45":12,"46":12,"47":4,"48":8,"49":2,"50":6,"51":12,"52":4,"53":8,"54":4,"55":4,"56":12,"57":12,"58":12,"59":2,"60":10,"61":10,"62":4,"63":6,"64":2,"65":4,"66":10,"67":2,"68":8,"69":0,"70":8,"71":2,"72":6,"73":4,"74":2,"75":10,"76":0,"77":10,"78":6,"79":4,"80":10,"81":10,"82":7,"83":7,"84":1,"85":6,"86":6,"87":1,"88":5,"89":5,"90":1,"91":4,"92":1,"93":3,"94":3,"95":5,"96":1,"97":4,"98":4,"99":4,"100":6,"101":1},"f":{"0":0,"1":0,"2":0,"3":12,"4":62,"5":30,"6":30,"7":48,"8":30,"9":3,"10":3,"11":8,"12":14,"13":12,"14":7,"15":7,"16":6,"17":5,"18":4,"19":6},"b":{"0":[0,0],"1":[0,0],"2":[0,0],"3":[0,0],"4":[0,0],"5":[18,30],"6":[12,18],"7":[12,18],"8":[2,12],"9":[4,8],"10":[2,6],"11":[4,8],"12":[4,4],"13":[2,10],"14":[4,6],"15":[2,4],"16":[2,8],"17":[0,8],"18":[2,6],"19":[4,2],"20":[0,10],"21":[6,4],"22":[6,1],"23":[1,6],"24":[1,5],"25":[1,4],"26":[1,3],"27":[3,0],"28":[1,4],"29":[3,1]},"_coverageSchema":"1a1c01bbd47fc00a2c39e90264f33305004495a9","hash":"218bc40dc8d3efe5f57e6db127e2633ea2fd57a9"}
}
