TN:
SF:script.js
FN:1,(anonymous_0)
FN:18,(anonymous_1)
FN:26,(anonymous_2)
FN:38,getNumbersFromStr
FN:39,(anonymous_4)
FN:39,(anonymous_5)
FN:39,(anonymous_6)
FN:43,isTriangle
FN:55,isRightTriangle
FN:65,calcCircleArea
FN:69,calcCircleLength
FN:73,showConstantEquation
FN:77,showLinearEquation
FN:101,showSquareEquation
FN:136,solveConstantEquation
FN:140,solveLinearEquation
FN:147,solveSquareEquation
FN:164,showSolutions
FN:169,(anonymous_18)
FN:174,askInput
FNF:20
FNH:17
FNDA:0,(anonymous_0)
FNDA:0,(anonymous_1)
FNDA:0,(anonymous_2)
FNDA:12,getNumbersFromStr
FNDA:62,(anonymous_4)
FNDA:30,(anonymous_5)
FNDA:30,(anonymous_6)
FNDA:48,isTriangle
FNDA:30,isRightTriangle
FNDA:3,calcCircleArea
FNDA:3,calcCircleLength
FNDA:8,showConstantEquation
FNDA:14,showLinearEquation
FNDA:12,showSquareEquation
FNDA:7,solveConstantEquation
FNDA:7,solveLinearEquation
FNDA:6,solveSquareEquation
FNDA:5,showSolutions
FNDA:4,(anonymous_18)
FNDA:6,askInput
DA:1,1
DA:2,0
DA:3,0
DA:4,0
DA:5,0
DA:7,0
DA:9,0
DA:10,0
DA:11,0
DA:12,0
DA:14,0
DA:18,1
DA:19,0
DA:20,0
DA:21,0
DA:23,0
DA:26,1
DA:27,0
DA:28,0
DA:29,0
DA:30,0
DA:32,0
DA:34,0
DA:39,62
DA:40,12
DA:44,48
DA:45,48
DA:47,48
DA:48,18
DA:49,30
DA:50,12
DA:52,18
DA:56,30
DA:57,30
DA:59,30
DA:60,12
DA:62,18
DA:66,3
DA:70,3
DA:74,8
DA:78,14
DA:79,2
DA:81,12
DA:83,12
DA:84,4
DA:85,8
DA:86,2
DA:88,6
DA:90,12
DA:91,4
DA:92,8
DA:93,4
DA:95,4
DA:97,12
DA:98,12
DA:102,12
DA:103,2
DA:105,10
DA:107,10
DA:108,4
DA:109,6
DA:110,2
DA:112,4
DA:114,10
DA:115,2
DA:116,8
DA:117,0
DA:118,8
DA:119,2
DA:120,6
DA:121,4
DA:123,2
DA:125,10
DA:126,0
DA:127,10
DA:128,6
DA:130,4
DA:132,10
DA:133,10
DA:137,7
DA:141,7
DA:142,1
DA:144,6
DA:148,6
DA:149,1
DA:151,5
DA:153,5
DA:154,1
DA:155,4
DA:156,1
DA:157,3
DA:158,3
DA:166,5
DA:167,1
DA:169,4
DA:171,4
DA:175,6
DA:178,1
LF:98
LH:76
BRDA:4,0,0,0
BRDA:4,0,1,0
BRDA:9,1,0,0
BRDA:9,1,1,0
BRDA:11,2,0,0
BRDA:11,2,1,0
BRDA:20,3,0,0
BRDA:20,3,1,0
BRDA:29,4,0,0
BRDA:29,4,1,0
BRDA:47,5,0,18
BRDA:47,5,1,30
BRDA:49,6,0,12
BRDA:49,6,1,18
BRDA:59,7,0,12
BRDA:59,7,1,18
BRDA:78,8,0,2
BRDA:78,8,1,12
BRDA:83,9,0,4
BRDA:83,9,1,8
BRDA:85,10,0,2
BRDA:85,10,1,6
BRDA:90,11,0,4
BRDA:90,11,1,8
BRDA:92,12,0,4
BRDA:92,12,1,4
BRDA:102,13,0,2
BRDA:102,13,1,10
BRDA:107,14,0,4
BRDA:107,14,1,6
BRDA:109,15,0,2
BRDA:109,15,1,4
BRDA:114,16,0,2
BRDA:114,16,1,8
BRDA:116,17,0,0
BRDA:116,17,1,8
BRDA:118,18,0,2
BRDA:118,18,1,6
BRDA:120,19,0,4
BRDA:120,19,1,2
BRDA:125,20,0,0
BRDA:125,20,1,10
BRDA:127,21,0,6
BRDA:127,21,1,4
BRDA:137,22,0,6
BRDA:137,22,1,1
BRDA:141,23,0,1
BRDA:141,23,1,6
BRDA:148,24,0,1
BRDA:148,24,1,5
BRDA:153,25,0,1
BRDA:153,25,1,4
BRDA:155,26,0,1
BRDA:155,26,1,3
BRDA:157,27,0,3
BRDA:157,27,1,0
BRDA:166,28,0,1
BRDA:166,28,1,4
BRDA:171,29,0,3
BRDA:171,29,1,1
BRF:60
BRH:47
end_of_record
