{"/home/palina/otus/otus-js-hw4/hw6/script.js": {"path":"/home/palina/otus/otus-js-hw4/hw6/script.js","statementMap":{"0":{"start":{"line":1,"column":0},"end":{"line":5,"column":1}},"1":{"start":{"line":2,"column":12},"end":{"line":2,"column":41}},"2":{"start":{"line":3,"column":12},"end":{"line":3,"column":41}},"3":{"start":{"line":4,"column":2},"end":{"line":4,"column":46}},"4":{"start":{"line":7,"column":0},"end":{"line":10,"column":1}},"5":{"start":{"line":8,"column":14},"end":{"line":8,"column":41}},"6":{"start":{"line":9,"column":2},"end":{"line":9,"column":74}},"7":{"start":{"line":12,"column":0},"end":{"line":17,"column":1}},"8":{"start":{"line":13,"column":12},"end":{"line":13,"column":45}},"9":{"start":{"line":14,"column":12},"end":{"line":14,"column":44}},"10":{"start":{"line":15,"column":2},"end":{"line":16,"column":59}},"11":{"start":{"line":16,"column":4},"end":{"line":16,"column":59}},"12":{"start":{"line":20,"column":2},"end":{"line":20,"column":49}},"13":{"start":{"line":24,"column":14},"end":{"line":24,"column":113}},"14":{"start":{"line":24,"column":89},"end":{"line":24,"column":112}},"15":{"start":{"line":26,"column":2},"end":{"line":26,"column":28}},"16":{"start":{"line":30,"column":2},"end":{"line":30,"column":34}},"17":{"start":{"line":34,"column":2},"end":{"line":39,"column":13}},"18":{"start":{"line":35,"column":4},"end":{"line":35,"column":15}},"19":{"start":{"line":36,"column":7},"end":{"line":39,"column":13}},"20":{"start":{"line":37,"column":4},"end":{"line":37,"column":13}},"21":{"start":{"line":38,"column":7},"end":{"line":39,"column":13}},"22":{"start":{"line":39,"column":4},"end":{"line":39,"column":13}},"23":{"start":{"line":41,"column":25},"end":{"line":41,"column":30}},"24":{"start":{"line":42,"column":2},"end":{"line":43,"column":11}},"25":{"start":{"line":43,"column":4},"end":{"line":43,"column":11}},"26":{"start":{"line":45,"column":15},"end":{"line":45,"column":16}},"27":{"start":{"line":46,"column":2},"end":{"line":49,"column":3}},"28":{"start":{"line":47,"column":4},"end":{"line":47,"column":16}},"29":{"start":{"line":48,"column":4},"end":{"line":48,"column":8}},"30":{"start":{"line":51,"column":2},"end":{"line":51,"column":47}},"31":{"start":{"line":55,"column":2},"end":{"line":55,"column":28}},"32":{"start":{"line":58,"column":0},"end":{"line":64,"column":2}}},"fnMap":{"0":{"name":"(anonymous_0)","decl":{"start":{"line":1,"column":43},"end":{"line":1,"column":44}},"loc":{"start":{"line":1,"column":49},"end":{"line":5,"column":1}},"line":1},"1":{"name":"(anonymous_1)","decl":{"start":{"line":7,"column":43},"end":{"line":7,"column":44}},"loc":{"start":{"line":7,"column":49},"end":{"line":10,"column":1}},"line":7},"2":{"name":"(anonymous_2)","decl":{"start":{"line":12,"column":43},"end":{"line":12,"column":44}},"loc":{"start":{"line":12,"column":49},"end":{"line":17,"column":1}},"line":12},"3":{"name":"diff","decl":{"start":{"line":19,"column":9},"end":{"line":19,"column":13}},"loc":{"start":{"line":19,"column":19},"end":{"line":21,"column":1}},"line":19},"4":{"name":"isWord","decl":{"start":{"line":23,"column":9},"end":{"line":23,"column":15}},"loc":{"start":{"line":23,"column":20},"end":{"line":27,"column":1}},"line":23},"5":{"name":"(anonymous_5)","decl":{"start":{"line":24,"column":81},"end":{"line":24,"column":82}},"loc":{"start":{"line":24,"column":89},"end":{"line":24,"column":112}},"line":24},"6":{"name":"isInteger","decl":{"start":{"line":29,"column":9},"end":{"line":29,"column":18}},"loc":{"start":{"line":29,"column":21},"end":{"line":31,"column":1}},"line":29},"7":{"name":"pow","decl":{"start":{"line":33,"column":9},"end":{"line":33,"column":12}},"loc":{"start":{"line":33,"column":18},"end":{"line":52,"column":1}},"line":33},"8":{"name":"askInput","decl":{"start":{"line":54,"column":9},"end":{"line":54,"column":17}},"loc":{"start":{"line":54,"column":27},"end":{"line":56,"column":1}},"line":54}},"branchMap":{"0":{"loc":{"start":{"line":9,"column":34},"end":{"line":9,"column":63}},"type":"cond-expr","locations":[{"start":{"line":9,"column":48},"end":{"line":9,"column":52}},{"start":{"line":9,"column":55},"end":{"line":9,"column":63}}],"line":9},"1":{"loc":{"start":{"line":15,"column":2},"end":{"line":16,"column":59}},"type":"if","locations":[{"start":{"line":15,"column":2},"end":{"line":16,"column":59}},{"start":{},"end":{}}],"line":15},"2":{"loc":{"start":{"line":15,"column":5},"end":{"line":15,"column":33}},"type":"binary-expr","locations":[{"start":{"line":15,"column":5},"end":{"line":15,"column":17}},{"start":{"line":15,"column":21},"end":{"line":15,"column":33}}],"line":15},"3":{"loc":{"start":{"line":20,"column":10},"end":{"line":20,"column":47}},"type":"cond-expr","locations":[{"start":{"line":20,"column":34},"end":{"line":20,"column":39}},{"start":{"line":20,"column":42},"end":{"line":20,"column":47}}],"line":20},"4":{"loc":{"start":{"line":24,"column":97},"end":{"line":24,"column":111}},"type":"binary-expr","locations":[{"start":{"line":24,"column":97},"end":{"line":24,"column":99}},{"start":{"line":24,"column":103},"end":{"line":24,"column":111}}],"line":24},"5":{"loc":{"start":{"line":34,"column":2},"end":{"line":39,"column":13}},"type":"if","locations":[{"start":{"line":34,"column":2},"end":{"line":39,"column":13}},{"start":{"line":36,"column":7},"end":{"line":39,"column":13}}],"line":34},"6":{"loc":{"start":{"line":34,"column":5},"end":{"line":34,"column":21}},"type":"binary-expr","locations":[{"start":{"line":34,"column":5},"end":{"line":34,"column":11}},{"start":{"line":34,"column":15},"end":{"line":34,"column":21}}],"line":34},"7":{"loc":{"start":{"line":36,"column":7},"end":{"line":39,"column":13}},"type":"if","locations":[{"start":{"line":36,"column":7},"end":{"line":39,"column":13}},{"start":{"line":38,"column":7},"end":{"line":39,"column":13}}],"line":36},"8":{"loc":{"start":{"line":38,"column":7},"end":{"line":39,"column":13}},"type":"if","locations":[{"start":{"line":38,"column":7},"end":{"line":39,"column":13}},{"start":{},"end":{}}],"line":38},"9":{"loc":{"start":{"line":42,"column":2},"end":{"line":43,"column":11}},"type":"if","locations":[{"start":{"line":42,"column":2},"end":{"line":43,"column":11}},{"start":{},"end":{}}],"line":42},"10":{"loc":{"start":{"line":51,"column":10},"end":{"line":51,"column":45}},"type":"cond-expr","locations":[{"start":{"line":51,"column":28},"end":{"line":51,"column":34}},{"start":{"line":51,"column":37},"end":{"line":51,"column":45}}],"line":51}},"s":{"0":1,"1":0,"2":0,"3":0,"4":1,"5":0,"6":0,"7":1,"8":0,"9":0,"10":0,"11":0,"12":4,"13":14,"14":33,"15":14,"16":7,"17":6,"18":0,"19":6,"20":1,"21":5,"22":1,"23":4,"24":4,"25":2,"26":4,"27":4,"28":4,"29":4,"30":4,"31":6,"32":1},"f":{"0":0,"1":0,"2":0,"3":4,"4":14,"5":33,"6":7,"7":6,"8":6},"b":{"0":[0,0],"1":[0,0],"2":[0,0],"3":[2,2],"4":[33,16],"5":[0,6],"6":[6,1],"7":[1,5],"8":[1,4],"9":[2,2],"10":[2,2]},"_coverageSchema":"1a1c01bbd47fc00a2c39e90264f33305004495a9","hash":"5b3f2924fd7b3e83726c4783aaed7ccc786f3dc0"}
}
