TN:
SF:script.js
FN:1,(anonymous_0)
FN:7,(anonymous_1)
FN:12,(anonymous_2)
FN:19,diff
FN:23,isWord
FN:24,(anonymous_5)
FN:29,isInteger
FN:33,pow
FN:54,askInput
FNF:9
FNH:6
FNDA:0,(anonymous_0)
FNDA:0,(anonymous_1)
FNDA:0,(anonymous_2)
FNDA:4,diff
FNDA:14,isWord
FNDA:33,(anonymous_5)
FNDA:7,isInteger
FNDA:6,pow
FNDA:6,askInput
DA:1,1
DA:2,0
DA:3,0
DA:4,0
DA:7,1
DA:8,0
DA:9,0
DA:12,1
DA:13,0
DA:14,0
DA:15,0
DA:16,0
DA:20,4
DA:24,33
DA:26,14
DA:30,7
DA:34,6
DA:35,0
DA:36,6
DA:37,1
DA:38,5
DA:39,1
DA:41,4
DA:42,4
DA:43,2
DA:45,4
DA:46,4
DA:47,4
DA:48,4
DA:51,4
DA:55,6
DA:58,1
LF:32
LH:22
BRDA:9,0,0,0
BRDA:9,0,1,0
BRDA:15,1,0,0
BRDA:15,1,1,0
BRDA:15,2,0,0
BRDA:15,2,1,0
BRDA:20,3,0,2
BRDA:20,3,1,2
BRDA:24,4,0,33
BRDA:24,4,1,16
BRDA:34,5,0,0
BRDA:34,5,1,6
BRDA:34,6,0,6
BRDA:34,6,1,1
BRDA:36,7,0,1
BRDA:36,7,1,5
BRDA:38,8,0,1
BRDA:38,8,1,4
BRDA:42,9,0,2
BRDA:42,9,1,2
BRDA:51,10,0,2
BRDA:51,10,1,2
BRF:22
BRH:15
end_of_record
