<?xml version="1.0" encoding="UTF-8"?>
<coverage generated="1753946660370" clover="3.2.0">
  <project timestamp="1753946660370" name="All files">
    <metrics statements="19" coveredstatements="10" conditionals="2" coveredconditionals="2" methods="9" coveredmethods="6" elements="30" coveredelements="18" complexity="0" loc="19" ncloc="19" packages="1" files="1" classes="1"/>
    <file name="script.js" path="/home/palina/otus/otus-js-hw4/hw1/script.js">
      <metrics statements="19" coveredstatements="10" conditionals="2" coveredconditionals="2" methods="9" coveredmethods="6"/>
      <line num="1" count="1" type="stmt"/>
      <line num="2" count="0" type="stmt"/>
      <line num="3" count="0" type="stmt"/>
      <line num="4" count="0" type="stmt"/>
      <line num="5" count="0" type="stmt"/>
      <line num="8" count="1" type="stmt"/>
      <line num="9" count="0" type="stmt"/>
      <line num="10" count="0" type="stmt"/>
      <line num="11" count="0" type="stmt"/>
      <line num="14" count="1" type="stmt"/>
      <line num="15" count="0" type="stmt"/>
      <line num="16" count="0" type="stmt"/>
      <line num="20" count="3" type="stmt"/>
      <line num="24" count="3" type="stmt"/>
      <line num="28" count="3" type="stmt"/>
      <line num="32" count="6" type="stmt"/>
      <line num="36" count="3" type="stmt"/>
      <line num="37" count="15" type="cond" truecount="2" falsecount="0"/>
      <line num="41" count="1" type="stmt"/>
    </file>
  </project>
</coverage>
