{"/home/palina/otus/otus-js-hw4/hw1/script.js": {"path":"/home/palina/otus/otus-js-hw4/hw1/script.js","statementMap":{"0":{"start":{"line":1,"column":0},"end":{"line":6,"column":1}},"1":{"start":{"line":2,"column":12},"end":{"line":2,"column":41}},"2":{"start":{"line":3,"column":12},"end":{"line":3,"column":41}},"3":{"start":{"line":4,"column":2},"end":{"line":4,"column":47}},"4":{"start":{"line":5,"column":2},"end":{"line":5,"column":55}},"5":{"start":{"line":8,"column":0},"end":{"line":12,"column":1}},"6":{"start":{"line":9,"column":15},"end":{"line":9,"column":50}},"7":{"start":{"line":10,"column":15},"end":{"line":10,"column":51}},"8":{"start":{"line":11,"column":2},"end":{"line":11,"column":105}},"9":{"start":{"line":14,"column":0},"end":{"line":17,"column":1}},"10":{"start":{"line":15,"column":14},"end":{"line":15,"column":40}},"11":{"start":{"line":16,"column":2},"end":{"line":16,"column":66}},"12":{"start":{"line":20,"column":2},"end":{"line":20,"column":31}},"13":{"start":{"line":24,"column":2},"end":{"line":24,"column":15}},"14":{"start":{"line":28,"column":2},"end":{"line":28,"column":37}},"15":{"start":{"line":32,"column":2},"end":{"line":32,"column":28}},"16":{"start":{"line":36,"column":2},"end":{"line":38,"column":8}},"17":{"start":{"line":37,"column":4},"end":{"line":37,"column":47}},"18":{"start":{"line":41,"column":0},"end":{"line":47,"column":2}}},"fnMap":{"0":{"name":"(anonymous_0)","decl":{"start":{"line":1,"column":43},"end":{"line":1,"column":44}},"loc":{"start":{"line":1,"column":49},"end":{"line":6,"column":1}},"line":1},"1":{"name":"(anonymous_1)","decl":{"start":{"line":8,"column":43},"end":{"line":8,"column":44}},"loc":{"start":{"line":8,"column":49},"end":{"line":12,"column":1}},"line":8},"2":{"name":"(anonymous_2)","decl":{"start":{"line":14,"column":43},"end":{"line":14,"column":44}},"loc":{"start":{"line":14,"column":49},"end":{"line":17,"column":1}},"line":14},"3":{"name":"calcSum","decl":{"start":{"line":19,"column":9},"end":{"line":19,"column":16}},"loc":{"start":{"line":19,"column":22},"end":{"line":21,"column":1}},"line":19},"4":{"name":"calcComposition","decl":{"start":{"line":23,"column":9},"end":{"line":23,"column":24}},"loc":{"start":{"line":23,"column":30},"end":{"line":25,"column":1}},"line":23},"5":{"name":"calcSymbolsCount","decl":{"start":{"line":27,"column":9},"end":{"line":27,"column":25}},"loc":{"start":{"line":27,"column":37},"end":{"line":29,"column":1}},"line":27},"6":{"name":"askInput","decl":{"start":{"line":31,"column":9},"end":{"line":31,"column":17}},"loc":{"start":{"line":31,"column":27},"end":{"line":33,"column":1}},"line":31},"7":{"name":"calcDigitsSum","decl":{"start":{"line":35,"column":9},"end":{"line":35,"column":22}},"loc":{"start":{"line":35,"column":28},"end":{"line":39,"column":1}},"line":35},"8":{"name":"(anonymous_8)","decl":{"start":{"line":36,"column":41},"end":{"line":36,"column":42}},"loc":{"start":{"line":36,"column":54},"end":{"line":38,"column":3}},"line":36}},"branchMap":{"0":{"loc":{"start":{"line":37,"column":11},"end":{"line":37,"column":46}},"type":"cond-expr","locations":[{"start":{"line":37,"column":24},"end":{"line":37,"column":40}},{"start":{"line":37,"column":43},"end":{"line":37,"column":46}}],"line":37}},"s":{"0":1,"1":0,"2":0,"3":0,"4":0,"5":1,"6":0,"7":0,"8":0,"9":1,"10":0,"11":0,"12":3,"13":3,"14":3,"15":6,"16":3,"17":15,"18":1},"f":{"0":0,"1":0,"2":0,"3":3,"4":3,"5":3,"6":6,"7":3,"8":15},"b":{"0":[13,2]},"_coverageSchema":"1a1c01bbd47fc00a2c39e90264f33305004495a9","hash":"2cb3763f7839fd2ed1691bbb4b06c68c7c8d9842"}
}
