TN:
SF:script.js
FN:1,(anonymous_0)
FN:8,(anonymous_1)
FN:14,(anonymous_2)
FN:19,calcSum
FN:23,calcComposition
FN:27,calcSymbolsCount
FN:31,askInput
FN:35,calcDigitsSum
FN:36,(anonymous_8)
FNF:9
FNH:6
FNDA:0,(anonymous_0)
FNDA:0,(anonymous_1)
FNDA:0,(anonymous_2)
FNDA:3,calcSum
FNDA:3,calcComposition
FNDA:3,calcSymbolsCount
FNDA:6,askInput
FNDA:3,calcDigitsSum
FNDA:15,(anonymous_8)
DA:1,1
DA:2,0
DA:3,0
DA:4,0
DA:5,0
DA:8,1
DA:9,0
DA:10,0
DA:11,0
DA:14,1
DA:15,0
DA:16,0
DA:20,3
DA:24,3
DA:28,3
DA:32,6
DA:36,3
DA:37,15
DA:41,1
LF:19
LH:10
BRDA:37,0,0,13
BRDA:37,0,1,2
BRF:2
BRH:2
end_of_record
